::1 - - [12/Jun/2023:22:38:17 +0300] "GET / HTTP/1.1" 200 161
::1 - - [12/Jun/2023:22:38:17 +0300] "GET /favicon.ico HTTP/1.1" 404 196
::1 - - [12/Jun/2023:22:39:14 +0300] "GET /Tests/ HTTP/1.1" 404 196
::1 - - [12/Jun/2023:22:39:17 +0300] "-" 408 -
::1 - - [12/Jun/2023:22:39:37 +0300] "GET /Tests/ HTTP/1.1" 404 196
::1 - - [12/Jun/2023:23:45:28 +0300] "GET / HTTP/1.1" 200 309
::1 - - [12/Jun/2023:23:45:49 +0300] "GET / HTTP/1.1" 200 199
::1 - - [12/Jun/2023:23:45:50 +0300] "GET /Tests/ HTTP/1.1" 200 362
::1 - - [12/Jun/2023:23:46:12 +0300] "GET /Tests/ HTTP/1.1" 200 362
::1 - - [12/Jun/2023:23:46:34 +0300] "POST /Tests/save_test.php HTTP/1.1" 200 829
::1 - - [12/Jun/2023:23:46:37 +0300] "GET /Tests/ HTTP/1.1" 200 362
::1 - - [12/Jun/2023:23:46:39 +0300] "GET /Tests/Result/ HTTP/1.1" 200 234
::1 - - [12/Jun/2023:23:46:41 +0300] "GET /Tests/ HTTP/1.1" 200 362
::1 - - [12/Jun/2023:23:46:59 +0300] "GET / HTTP/1.1" 200 199
::1 - - [12/Jun/2023:23:47:00 +0300] "GET / HTTP/1.1" 200 199
::1 - - [12/Jun/2023:23:47:59 +0300] "-" 408 -
::1 - - [12/Jun/2023:23:49:35 +0300] "GET /Tests/ HTTP/1.1" 200 362
::1 - - [12/Jun/2023:23:50:35 +0300] "-" 408 -
::1 - - [13/Jun/2023:00:07:19 +0300] "GET /Tests/Result/ HTTP/1.1" 200 234
::1 - - [13/Jun/2023:00:08:19 +0300] "-" 408 -
::1 - - [13/Jun/2023:00:13:38 +0300] "GET /Tests/ HTTP/1.1" 200 362
::1 - - [13/Jun/2023:00:13:40 +0300] "GET /Tests/save_test.php HTTP/1.1" 200 829
::1 - - [13/Jun/2023:00:13:43 +0300] "GET /Tests/save_result.php HTTP/1.1" 200 779
::1 - - [13/Jun/2023:00:14:38 +0300] "-" 408 -
::1 - - [13/Jun/2023:00:26:42 +0300] "GET /Tests/ HTTP/1.1" 200 362
::1 - - [13/Jun/2023:00:26:45 +0300] "GET /Tests/save_test.php HTTP/1.1" 304 -
::1 - - [13/Jun/2023:00:27:42 +0300] "-" 408 -
::1 - - [13/Jun/2023:00:42:28 +0300] "GET /Tests/ HTTP/1.1" 200 362
::1 - - [13/Jun/2023:00:42:28 +0300] "GET /Tests/ HTTP/1.1" 200 362
::1 - - [13/Jun/2023:14:19:01 +0300] "GET /Tests/Result/ HTTP/1.1" 403 199
::1 - - [13/Jun/2023:14:19:01 +0300] "GET /favicon.ico HTTP/1.1" 403 199
::1 - - [13/Jun/2023:14:19:02 +0300] "GET /favicon.ico HTTP/1.1" 403 199
::1 - - [13/Jun/2023:14:19:03 +0300] "GET /Tests/ HTTP/1.1" 403 199
::1 - - [13/Jun/2023:14:19:03 +0300] "GET /favicon.ico HTTP/1.1" 403 199
::1 - - [13/Jun/2023:14:19:04 +0300] "GET /Tests/ HTTP/1.1" 403 199
::1 - - [13/Jun/2023:14:19:04 +0300] "GET /favicon.ico HTTP/1.1" 403 199
::1 - - [13/Jun/2023:14:19:06 +0300] "GET /favicon.ico HTTP/1.1" 403 199
::1 - - [13/Jun/2023:14:19:07 +0300] "GET /favicon.ico HTTP/1.1" 403 199
::1 - - [13/Jun/2023:14:19:16 +0300] "GET / HTTP/1.1" 403 199
::1 - - [13/Jun/2023:14:19:16 +0300] "GET /favicon.ico HTTP/1.1" 403 199
::1 - - [13/Jun/2023:14:20:16 +0300] "-" 408 -
::1 - - [13/Jun/2023:15:06:25 +0300] "GET / HTTP/1.1" 403 199
::1 - - [13/Jun/2023:15:06:25 +0300] "GET /favicon.ico HTTP/1.1" 403 199
::1 - - [13/Jun/2023:15:07:25 +0300] "-" 408 -
::1 - - [13/Jun/2023:16:03:38 +0300] "GET / HTTP/1.1" 403 199
::1 - - [13/Jun/2023:16:03:38 +0300] "GET /favicon.ico HTTP/1.1" 403 199
::1 - - [13/Jun/2023:16:03:57 +0300] "GET / HTTP/1.1" 403 199
::1 - - [13/Jun/2023:16:03:57 +0300] "GET /favicon.ico HTTP/1.1" 403 199
::1 - - [13/Jun/2023:16:04:07 +0300] "GET / HTTP/1.1" 403 199
::1 - - [13/Jun/2023:16:11:05 +0300] "GET / HTTP/1.1" 403 199
::1 - - [13/Jun/2023:16:11:06 +0300] "GET /favicon.ico HTTP/1.1" 403 199
::1 - - [13/Jun/2023:16:11:06 +0300] "GET / HTTP/1.1" 403 199
::1 - - [13/Jun/2023:16:11:06 +0300] "GET /favicon.ico HTTP/1.1" 403 199
::1 - - [13/Jun/2023:16:11:07 +0300] "GET / HTTP/1.1" 403 199
::1 - - [13/Jun/2023:16:11:07 +0300] "GET /favicon.ico HTTP/1.1" 403 199
::1 - - [13/Jun/2023:16:11:07 +0300] "GET / HTTP/1.1" 403 199
::1 - - [13/Jun/2023:16:11:07 +0300] "GET /favicon.ico HTTP/1.1" 403 199
::1 - - [13/Jun/2023:16:11:07 +0300] "GET / HTTP/1.1" 403 199
::1 - - [13/Jun/2023:16:11:07 +0300] "GET /favicon.ico HTTP/1.1" 403 199
::1 - - [13/Jun/2023:16:11:07 +0300] "GET / HTTP/1.1" 403 199
::1 - - [13/Jun/2023:16:11:07 +0300] "GET /favicon.ico HTTP/1.1" 403 199
::1 - - [13/Jun/2023:16:12:05 +0300] "-" 408 -
::1 - - [13/Jun/2023:16:29:38 +0300] "GET / HTTP/1.1" 200 309
::1 - - [13/Jun/2023:16:29:38 +0300] "GET /favicon.ico HTTP/1.1" 404 196
::1 - - [13/Jun/2023:16:29:39 +0300] "GET / HTTP/1.1" 200 309
::1 - - [13/Jun/2023:16:29:47 +0300] "GET /save_result.php HTTP/1.1" 200 564
::1 - - [13/Jun/2023:16:29:49 +0300] "GET /save_test.php HTTP/1.1" 400 62
::1 - - [13/Jun/2023:16:29:53 +0300] "GET /save_result.php HTTP/1.1" 200 564
::1 - - [13/Jun/2023:16:30:01 +0300] "GET / HTTP/1.1" 200 449
::1 - - [13/Jun/2023:16:30:02 +0300] "GET /results_1686662987.txt HTTP/1.1" 200 54
::1 - - [13/Jun/2023:16:30:04 +0300] "GET /results_1686662993.txt HTTP/1.1" 200 54
::1 - - [13/Jun/2023:16:30:59 +0300] "-" 408 -
::1 - - [13/Jun/2023:16:31:58 +0300] "GET /Result/ HTTP/1.1" 200 216
::1 - - [13/Jun/2023:16:32:58 +0300] "-" 408 -
::1 - - [13/Jun/2023:16:59:12 +0300] "GET /Result/ HTTP/1.1" 200 216
::1 - - [13/Jun/2023:17:00:12 +0300] "-" 408 -
::1 - - [13/Jun/2023:17:01:20 +0300] "GET /Result/ HTTP/1.1" 200 272
::1 - - [13/Jun/2023:17:01:23 +0300] "GET /Result/save_result.php HTTP/1.1" 200 592
::1 - - [13/Jun/2023:17:01:27 +0300] "GET /Result/ HTTP/1.1" 200 342
::1 - - [13/Jun/2023:17:01:29 +0300] "GET /Result/results_1686664883.txt HTTP/1.1" 200 54
::1 - - [13/Jun/2023:17:02:20 +0300] "-" 408 -
::1 - - [13/Jun/2023:17:08:49 +0300] "GET /Tests/save_test.php HTTP/1.1" 404 196
::1 - - [13/Jun/2023:17:09:20 +0300] "GET / HTTP/1.1" 200 253
::1 - - [13/Jun/2023:17:09:22 +0300] "GET / HTTP/1.1" 200 253
::1 - - [13/Jun/2023:17:09:42 +0300] "GET /Tests/ HTTP/1.1" 404 196
::1 - - [13/Jun/2023:17:10:15 +0300] "GET / HTTP/1.1" 200 253
::1 - - [13/Jun/2023:17:10:17 +0300] "-" 408 -
::1 - - [13/Jun/2023:17:10:27 +0300] "POST / HTTP/1.1" 404 196
::1 - - [13/Jun/2023:17:10:35 +0300] "GET / HTTP/1.1" 200 253
::1 - - [13/Jun/2023:17:11:34 +0300] "GET / HTTP/1.1" 200 253
::1 - - [13/Jun/2023:17:11:35 +0300] "-" 408 -
::1 - - [13/Jun/2023:17:11:44 +0300] "POST /save_test.php HTTP/1.1" 200 42
::1 - - [13/Jun/2023:17:11:47 +0300] "GET / HTTP/1.1" 200 291
::1 - - [13/Jun/2023:17:11:49 +0300] "GET /Tests/ HTTP/1.1" 200 248
::1 - - [13/Jun/2023:17:11:52 +0300] "GET /Tests/dcd/ HTTP/1.1" 200 270
::1 - - [13/Jun/2023:17:12:47 +0300] "-" 408 -
::1 - - [13/Jun/2023:17:13:19 +0300] "GET / HTTP/1.1" 200 291
::1 - - [13/Jun/2023:17:14:39 +0300] "GET /Tests/save_test.php HTTP/1.1" 404 196
::1 - - [13/Jun/2023:17:15:08 +0300] "GET /Tests/ HTTP/1.1" 200 248
::1 - - [13/Jun/2023:17:15:08 +0300] "GET / HTTP/1.1" 200 291
::1 - - [13/Jun/2023:17:16:08 +0300] "-" 408 -
::1 - - [13/Jun/2023:17:22:24 +0300] "GET / HTTP/1.1" 200 291
::1 - - [13/Jun/2023:17:22:35 +0300] "POST /save_test.php HTTP/1.1" 200 42
::1 - - [13/Jun/2023:17:22:40 +0300] "GET / HTTP/1.1" 200 351
::1 - - [13/Jun/2023:17:22:42 +0300] "GET /%d0%b2%d0%b0%d0%b2%d1%96/ HTTP/1.1" 200 278
::1 - - [13/Jun/2023:17:22:43 +0300] "GET /%d0%b2%d0%b0%d0%b2%d1%96/%d0%b0%d1%96%d0%b2.xml HTTP/1.1" 200 262
::1 - - [13/Jun/2023:17:23:19 +0300] "POST /save_test.php HTTP/1.1" 200 42
::1 - - [13/Jun/2023:17:23:21 +0300] "GET / HTTP/1.1" 200 403
::1 - - [13/Jun/2023:17:23:22 +0300] "GET / HTTP/1.1" 200 403
::1 - - [13/Jun/2023:17:24:21 +0300] "-" 408 -
::1 - - [13/Jun/2023:17:28:44 +0300] "GET / HTTP/1.1" 200 403
::1 - - [13/Jun/2023:17:28:55 +0300] "POST /save_test.php HTTP/1.1" 200 42
::1 - - [13/Jun/2023:17:28:58 +0300] "GET /%d1%81%d1%96%d1%81/ HTTP/1.1" 200 298
::1 - - [13/Jun/2023:17:28:59 +0300] "GET /%d1%81%d1%96%d1%81/%d0%b0%d1%96%d0%b2%d1%87%d1%81%d1%8f.xml HTTP/1.1" 200 406
::1 - - [13/Jun/2023:17:29:38 +0300] "GET / HTTP/1.1" 200 403
::1 - - [13/Jun/2023:17:29:40 +0300] "GET / HTTP/1.1" 200 403
::1 - - [13/Jun/2023:17:29:41 +0300] "GET /%d0%b2%d0%b0%d0%b2%d1%96/ HTTP/1.1" 200 352
::1 - - [13/Jun/2023:17:29:41 +0300] "GET /%d0%b2%d0%b0%d0%b2%d1%96/%d0%b2%d0%b0%d1%96%d0%b2%d0%b0.xml HTTP/1.1" 200 241
::1 - - [13/Jun/2023:17:30:37 +0300] "-" 408 -
::1 - - [13/Jun/2023:17:37:16 +0300] "GET /Tests/ HTTP/1.1" 200 248
::1 - - [13/Jun/2023:17:37:19 +0300] "GET /Tests/dcd// HTTP/1.1" 200 270
::1 - - [13/Jun/2023:17:37:19 +0300] "GET /Tests/dcd// HTTP/1.1" 200 270
::1 - - [13/Jun/2023:17:37:30 +0300] "GET / HTTP/1.1" 200 403
::1 - - [13/Jun/2023:17:37:32 +0300] "GET / HTTP/1.1" 200 403
::1 - - [13/Jun/2023:17:37:40 +0300] "GET /Result/ HTTP/1.1" 200 272
::1 - - [13/Jun/2023:17:37:41 +0300] "GET / HTTP/1.1" 200 403
::1 - - [13/Jun/2023:17:37:42 +0300] "GET /%d0%b2%d0%b0%d0%b2%d1%96/ HTTP/1.1" 200 352
::1 - - [13/Jun/2023:17:37:43 +0300] "GET / HTTP/1.1" 200 403
::1 - - [13/Jun/2023:17:37:44 +0300] "GET /%d1%81%d1%96%d1%81/ HTTP/1.1" 200 298
::1 - - [13/Jun/2023:17:37:45 +0300] "GET / HTTP/1.1" 200 403
::1 - - [13/Jun/2023:17:37:47 +0300] "GET /Tests/dcd//cvxc.xml HTTP/1.1" 200 227
::1 - - [13/Jun/2023:17:37:47 +0300] "GET /Tests/dcd//cvxc.xml HTTP/1.1" 200 227
::1 - - [13/Jun/2023:17:37:50 +0300] "GET /%d1%81%d1%96%d1%81/ HTTP/1.1" 200 298
::1 - - [13/Jun/2023:17:38:04 +0300] "GET /%d0%b2%d0%b0%d0%b2%d1%96/ HTTP/1.1" 200 352
::1 - - [13/Jun/2023:17:38:10 +0300] "GET /%d1%81%d1%96%d1%81/ HTTP/1.1" 200 298
::1 - - [13/Jun/2023:17:39:09 +0300] "-" 408 -
::1 - - [13/Jun/2023:17:40:20 +0300] "GET / HTTP/1.1" 200 403
::1 - - [13/Jun/2023:17:40:21 +0300] "GET /Tests/ HTTP/1.1" 200 248
::1 - - [13/Jun/2023:17:40:23 +0300] "GET / HTTP/1.1" 200 403
::1 - - [13/Jun/2023:17:41:20 +0300] "-" 408 -
::1 - - [13/Jun/2023:17:42:07 +0300] "GET /Result/ HTTP/1.1" 200 272
::1 - - [13/Jun/2023:17:43:07 +0300] "-" 408 -
::1 - - [13/Jun/2023:17:43:08 +0300] "GET / HTTP/1.1" 200 403
::1 - - [13/Jun/2023:17:43:13 +0300] "GET /Tests/Tests// HTTP/1.1" 404 196
::1 - - [13/Jun/2023:17:43:15 +0300] "GET /Tests/Tests// HTTP/1.1" 404 196
::1 - - [13/Jun/2023:17:43:18 +0300] "GET /Tests/%D0%B2%D0%B0%D0%B2%D1%96// HTTP/1.1" 404 196
::1 - - [13/Jun/2023:17:43:19 +0300] "GET /Tests/%D0%B2%D0%B0%D0%B2%D1%96// HTTP/1.1" 404 196
::1 - - [13/Jun/2023:17:43:24 +0300] "GET / HTTP/1.1" 200 403
::1 - - [13/Jun/2023:17:43:26 +0300] "GET /Tests/%D1%81%D1%96%D1%81// HTTP/1.1" 404 196
::1 - - [13/Jun/2023:17:43:32 +0300] "GET /Tests/%D1%81%D1%96%D1%81// HTTP/1.1" 404 196
::1 - - [13/Jun/2023:17:52:51 +0300] "GET / HTTP/1.1" 200 403
::1 - - [13/Jun/2023:17:53:51 +0300] "-" 408 -
::1 - - [13/Jun/2023:18:00:44 +0300] "GET / HTTP/1.1" 200 313
::1 - - [13/Jun/2023:18:01:44 +0300] "-" 408 -
::1 - - [13/Jun/2023:18:02:40 +0300] "GET / HTTP/1.1" 200 313
::1 - - [13/Jun/2023:18:02:42 +0300] "GET /Tests/%D0%B2%D0%B0%D0%B2%D1%96// HTTP/1.1" 404 196
::1 - - [13/Jun/2023:18:04:16 +0300] "GET /Tests/%D0%B2%D0%B0%D0%B2%D1%96// HTTP/1.1" 404 196
::1 - - [13/Jun/2023:18:04:25 +0300] "GET / HTTP/1.1" 200 313
::1 - - [13/Jun/2023:18:05:25 +0300] "-" 408 -
::1 - - [13/Jun/2023:18:07:10 +0300] "GET /Result/ HTTP/1.1" 200 272
::1 - - [13/Jun/2023:18:07:10 +0300] "GET / HTTP/1.1" 200 313
::1 - - [13/Jun/2023:18:08:10 +0300] "-" 408 -
::1 - - [13/Jun/2023:18:08:32 +0300] "-" 408 -
::1 - - [13/Jun/2023:19:07:36 +0300] "GET / HTTP/1.1" 200 313
::1 - - [13/Jun/2023:19:07:38 +0300] "GET /%D0%B2%D0%B0%D0%B2%D1%96// HTTP/1.1" 200 352
::1 - - [13/Jun/2023:19:07:38 +0300] "GET /%D0%B2%D0%B0%D0%B2%D1%96// HTTP/1.1" 200 352
::1 - - [13/Jun/2023:19:07:39 +0300] "GET /%D0%B2%D0%B0%D0%B2%D1%96//%D0%B0%D1%96%D0%B2.xml HTTP/1.1" 200 262
::1 - - [13/Jun/2023:19:07:39 +0300] "GET /%D0%B2%D0%B0%D0%B2%D1%96//%D0%B0%D1%96%D0%B2.xml HTTP/1.1" 200 262
::1 - - [13/Jun/2023:19:07:40 +0300] "GET /%D0%B2%D0%B0%D0%B2%D1%96//%D0%B2%D0%B0%D1%96%D0%B2%D0%B0.xml HTTP/1.1" 200 241
::1 - - [13/Jun/2023:19:07:40 +0300] "GET /%D0%B2%D0%B0%D0%B2%D1%96//%D0%B2%D0%B0%D1%96%D0%B2%D0%B0.xml HTTP/1.1" 200 241
::1 - - [13/Jun/2023:19:07:45 +0300] "GET /%d0%b2%d0%b0%d0%b2%d1%96/ HTTP/1.1" 200 352
::1 - - [13/Jun/2023:19:07:50 +0300] "GET /%d0%b2%d0%b0%d0%b2%d1%96/%d0%b0%d1%96%d0%b2.xml HTTP/1.1" 304 -
::1 - - [13/Jun/2023:19:07:53 +0300] "GET /%d0%b2%d0%b0%d0%b2%d1%96/%d0%b2%d0%b0%d1%96%d0%b2%d0%b0.xml HTTP/1.1" 304 -
::1 - - [13/Jun/2023:19:07:57 +0300] "GET /%D0%B2%D0%B0%D0%B2%D1%96/%D0%B2%D0%B0%D1%96%D0%B2%D0%B0.xml HTTP/1.1" 200 241
::1 - - [13/Jun/2023:19:08:17 +0300] "POST /Result/save_result.php HTTP/1.1" 200 592
::1 - - [13/Jun/2023:19:08:50 +0300] "-" 408 -
::1 - - [13/Jun/2023:19:18:55 +0300] "GET / HTTP/1.1" 200 313
::1 - - [13/Jun/2023:19:18:57 +0300] "GET /%D0%B2%D0%B0%D0%B2%D1%96// HTTP/1.1" 200 352
::1 - - [13/Jun/2023:19:18:57 +0300] "GET /%D0%B2%D0%B0%D0%B2%D1%96// HTTP/1.1" 200 352
::1 - - [13/Jun/2023:19:18:58 +0300] "GET /%D0%B2%D0%B0%D0%B2%D1%96//%D0%B2%D0%B0%D1%96%D0%B2%D0%B0.xml HTTP/1.1" 200 241
::1 - - [13/Jun/2023:19:18:58 +0300] "GET /%D0%B2%D0%B0%D0%B2%D1%96//%D0%B2%D0%B0%D1%96%D0%B2%D0%B0.xml HTTP/1.1" 200 241
::1 - - [13/Jun/2023:19:19:01 +0300] "GET /%D0%B2%D0%B0%D0%B2%D1%96/%D0%B2%D0%B0%D1%96%D0%B2%D0%B0.xml HTTP/1.1" 200 241
::1 - - [13/Jun/2023:19:19:27 +0300] "POST /Result/save_result.php HTTP/1.1" 200 592
::1 - - [13/Jun/2023:19:25:46 +0300] "GET / HTTP/1.1" 200 313
::1 - - [13/Jun/2023:19:25:48 +0300] "GET /%D0%B2%D0%B0%D0%B2%D1%96// HTTP/1.1" 200 352
::1 - - [13/Jun/2023:19:25:48 +0300] "GET /%D0%B2%D0%B0%D0%B2%D1%96// HTTP/1.1" 200 352
::1 - - [13/Jun/2023:19:25:50 +0300] "GET /%D0%B2%D0%B0%D0%B2%D1%96//%D0%B2%D0%B0%D1%96%D0%B2%D0%B0.xml HTTP/1.1" 200 241
::1 - - [13/Jun/2023:19:25:50 +0300] "GET /%D0%B2%D0%B0%D0%B2%D1%96//%D0%B2%D0%B0%D1%96%D0%B2%D0%B0.xml HTTP/1.1" 200 241
::1 - - [13/Jun/2023:19:25:51 +0300] "GET /%D0%B2%D0%B0%D0%B2%D1%96/%D0%B2%D0%B0%D1%96%D0%B2%D0%B0.xml HTTP/1.1" 200 241
::1 - - [13/Jun/2023:19:25:53 +0300] "POST /Result/save_result.php HTTP/1.1" 200 592
::1 - - [13/Jun/2023:19:26:08 +0300] "POST /Result/save_result.php HTTP/1.1" 200 592
::1 - - [13/Jun/2023:19:26:13 +0300] "GET / HTTP/1.1" 200 313
::1 - - [13/Jun/2023:19:26:14 +0300] "GET /Result/ HTTP/1.1" 200 552
::1 - - [13/Jun/2023:19:26:14 +0300] "GET /Result/ HTTP/1.1" 200 552
::1 - - [13/Jun/2023:19:26:23 +0300] "GET /Result/results_1686672497.txt HTTP/1.1" 200 54
::1 - - [13/Jun/2023:19:26:25 +0300] "GET /Result/results_1686673167.txt HTTP/1.1" 200 54
::1 - - [13/Jun/2023:19:26:26 +0300] "GET /Result/results_1686673553.txt HTTP/1.1" 200 54
::1 - - [13/Jun/2023:19:26:28 +0300] "GET /Result/results_1686673568.txt HTTP/1.1" 200 54
::1 - - [13/Jun/2023:19:26:56 +0300] "GET / HTTP/1.1" 200 313
::1 - - [13/Jun/2023:19:26:58 +0300] "GET /%D0%B2%D0%B0%D0%B2%D1%96// HTTP/1.1" 200 352
::1 - - [13/Jun/2023:19:26:58 +0300] "GET /%D0%B2%D0%B0%D0%B2%D1%96// HTTP/1.1" 200 352
::1 - - [13/Jun/2023:19:26:59 +0300] "GET /%D0%B2%D0%B0%D0%B2%D1%96//%D0%B0%D1%96%D0%B2.xml HTTP/1.1" 200 262
::1 - - [13/Jun/2023:19:26:59 +0300] "GET /%D0%B2%D0%B0%D0%B2%D1%96//%D0%B0%D1%96%D0%B2.xml HTTP/1.1" 200 262
::1 - - [13/Jun/2023:19:27:00 +0300] "GET /%D0%B2%D0%B0%D0%B2%D1%96//%D0%B2%D0%B0%D1%96%D0%B2%D0%B0.xml HTTP/1.1" 200 241
::1 - - [13/Jun/2023:19:27:00 +0300] "GET /%D0%B2%D0%B0%D0%B2%D1%96//%D0%B2%D0%B0%D1%96%D0%B2%D0%B0.xml HTTP/1.1" 200 241
::1 - - [13/Jun/2023:19:27:01 +0300] "GET /%D0%B2%D0%B0%D0%B2%D1%96/%D0%B2%D0%B0%D1%96%D0%B2%D0%B0.xml HTTP/1.1" 200 241
::1 - - [13/Jun/2023:19:27:03 +0300] "POST /Result/save_result.php HTTP/1.1" 200 592
::1 - - [13/Jun/2023:19:27:23 +0300] "-" 408 -
::1 - - [13/Jun/2023:19:29:19 +0300] "POST /Result/save_result.php HTTP/1.1" 200 592
::1 - - [13/Jun/2023:19:29:23 +0300] "POST /Result/save_result.php HTTP/1.1" 200 592
::1 - - [13/Jun/2023:19:29:25 +0300] "GET /Result/ HTTP/1.1" 200 762
::1 - - [13/Jun/2023:19:29:26 +0300] "GET /Result/results_1686673623.txt HTTP/1.1" 200 54
::1 - - [13/Jun/2023:19:29:28 +0300] "GET /Result/results_1686673759.txt HTTP/1.1" 200 54
::1 - - [13/Jun/2023:19:29:47 +0300] "GET /Result/results_1686673763.txt HTTP/1.1" 200 54
::1 - - [13/Jun/2023:19:30:04 +0300] "GET /Result/results_1686673763.txt HTTP/1.1" 304 -
::1 - - [13/Jun/2023:19:31:01 +0300] "-" 408 -
::1 - - [13/Jun/2023:19:48:20 +0300] "GET /Result/ HTTP/1.1" 200 272
::1 - - [13/Jun/2023:19:48:21 +0300] "GET /Result/save_result.php HTTP/1.1" 200 592
::1 - - [13/Jun/2023:19:49:20 +0300] "-" 408 -
::1 - - [13/Jun/2023:19:52:13 +0300] "GET / HTTP/1.1" 200 313
::1 - - [13/Jun/2023:19:52:17 +0300] "GET /%D0%B2%D0%B0%D0%B2%D1%96// HTTP/1.1" 200 352
::1 - - [13/Jun/2023:19:52:17 +0300] "GET /%D0%B2%D0%B0%D0%B2%D1%96// HTTP/1.1" 200 352
::1 - - [13/Jun/2023:19:52:18 +0300] "GET /%D0%B2%D0%B0%D0%B2%D1%96//%D0%B0%D1%96%D0%B2.xml HTTP/1.1" 200 262
::1 - - [13/Jun/2023:19:52:18 +0300] "GET /%D0%B2%D0%B0%D0%B2%D1%96//%D0%B0%D1%96%D0%B2.xml HTTP/1.1" 200 262
::1 - - [13/Jun/2023:19:52:27 +0300] "GET /%D0%B2%D0%B0%D0%B2%D1%96/%D0%B0%D1%96%D0%B2.xml HTTP/1.1" 200 262
::1 - - [13/Jun/2023:19:52:31 +0300] "POST /Result/save_result.php HTTP/1.1" 200 592
::1 - - [13/Jun/2023:19:53:18 +0300] "GET /Result/ HTTP/1.1" 200 412
::1 - - [13/Jun/2023:19:53:19 +0300] "GET /Result/results_1686675151.txt HTTP/1.1" 200 54
::1 - - [13/Jun/2023:19:53:21 +0300] "GET /Result/results_1686674901.txt HTTP/1.1" 200 54
::1 - - [13/Jun/2023:19:54:17 +0300] "-" 408 -
::1 - - [13/Jun/2023:19:54:33 +0300] "GET /Result/results_1686674901.txt HTTP/1.1" 304 -
::1 - - [13/Jun/2023:19:55:33 +0300] "-" 408 -
127.0.0.1 - - [13/Jun/2023:19:56:56 +0300] "POST /Result/ HTTP/1.1" 404 196
127.0.0.1 - - [13/Jun/2023:19:57:01 +0300] "POST /Result HTTP/1.1" 301 232
127.0.0.1 - - [13/Jun/2023:19:57:01 +0300] "GET /Result/ HTTP/1.1" 200 412
127.0.0.1 - - [13/Jun/2023:19:57:14 +0300] "POST /Result/save_result.php HTTP/1.1" 200 592
::1 - - [13/Jun/2023:19:57:38 +0300] "-" 408 -
::1 - - [13/Jun/2023:19:57:38 +0300] "-" 408 -
127.0.0.1 - - [13/Jun/2023:19:59:57 +0300] "POST /Result/save_result.php HTTP/1.1" 200 592
::1 - - [13/Jun/2023:20:02:51 +0300] "POST /Result/save_result.php HTTP/1.1" 200 592
::1 - - [13/Jun/2023:20:03:45 +0300] "GET /Result/ HTTP/1.1" 200 622
127.0.0.1 - - [13/Jun/2023:20:04:02 +0300] "POST /Result/save_result.php HTTP/1.1" 200 596
::1 - - [13/Jun/2023:20:04:09 +0300] "GET /Result/ HTTP/1.1" 200 342
::1 - - [13/Jun/2023:20:04:10 +0300] "GET /Result/results_1686675842.txt HTTP/1.1" 200 54
::1 - - [13/Jun/2023:20:04:29 +0300] "GET / HTTP/1.1" 200 313
::1 - - [13/Jun/2023:20:04:32 +0300] "GET /Result/ HTTP/1.1" 200 342
::1 - - [13/Jun/2023:20:05:29 +0300] "-" 408 -
::1 - - [13/Jun/2023:20:06:01 +0300] "GET /Result/ HTTP/1.1" 200 342
127.0.0.1 - - [13/Jun/2023:20:06:07 +0300] "POST /Result/save_result.php HTTP/1.1" 200 25
::1 - - [13/Jun/2023:20:06:10 +0300] "GET /Result/ HTTP/1.1" 200 412
::1 - - [13/Jun/2023:20:06:11 +0300] "GET /Result/results_1686675967.txt HTTP/1.1" 200 65
::1 - - [13/Jun/2023:20:07:00 +0300] "GET / HTTP/1.1" 200 313
::1 - - [13/Jun/2023:20:07:02 +0300] "GET /%D0%B2%D0%B0%D0%B2%D1%96// HTTP/1.1" 200 352
::1 - - [13/Jun/2023:20:07:02 +0300] "GET /%D0%B2%D0%B0%D0%B2%D1%96// HTTP/1.1" 200 352
::1 - - [13/Jun/2023:20:07:03 +0300] "GET /%D0%B2%D0%B0%D0%B2%D1%96//%D0%B2%D0%B0%D1%96%D0%B2%D0%B0.xml HTTP/1.1" 200 241
::1 - - [13/Jun/2023:20:07:03 +0300] "GET /%D0%B2%D0%B0%D0%B2%D1%96//%D0%B2%D0%B0%D1%96%D0%B2%D0%B0.xml HTTP/1.1" 200 241
::1 - - [13/Jun/2023:20:07:04 +0300] "GET /%D0%B2%D0%B0%D0%B2%D1%96/%D0%B2%D0%B0%D1%96%D0%B2%D0%B0.xml HTTP/1.1" 200 241
::1 - - [13/Jun/2023:20:07:08 +0300] "POST /Result/save_result.php HTTP/1.1" 200 25
::1 - - [13/Jun/2023:20:07:10 +0300] "-" 408 -
::1 - - [13/Jun/2023:20:07:14 +0300] "POST /Result/save_result.php HTTP/1.1" 200 25
::1 - - [13/Jun/2023:20:07:20 +0300] "GET /Result/ HTTP/1.1" 200 552
::1 - - [13/Jun/2023:20:07:22 +0300] "GET /Result/results_1686676028.txt HTTP/1.1" 200 76
::1 - - [13/Jun/2023:20:08:20 +0300] "-" 408 -
127.0.0.1 - - [13/Jun/2023:20:15:04 +0300] "POST /Result/save_result.php HTTP/1.1" 200 25
::1 - - [13/Jun/2023:20:15:10 +0300] "GET /Result/ HTTP/1.1" 200 342
::1 - - [13/Jun/2023:20:15:11 +0300] "GET /Result/results_1686676504.txt HTTP/1.1" 200 65
127.0.0.1 - - [13/Jun/2023:20:15:27 +0300] "POST /Result/save_result.php HTTP/1.1" 200 25
::1 - - [13/Jun/2023:20:15:29 +0300] "GET /Result/ HTTP/1.1" 200 412
::1 - - [13/Jun/2023:20:15:30 +0300] "GET /Result/results_1686676527.txt HTTP/1.1" 200 77
::1 - - [13/Jun/2023:20:16:29 +0300] "-" 408 -
::1 - - [13/Jun/2023:20:16:43 +0300] "GET /Result/results_1686676527.txt HTTP/1.1" 304 -
127.0.0.1 - - [13/Jun/2023:20:16:55 +0300] "POST /Result/save_result.php HTTP/1.1" 200 25
::1 - - [13/Jun/2023:20:16:59 +0300] "GET /Result/ HTTP/1.1" 200 342
::1 - - [13/Jun/2023:20:17:00 +0300] "GET /Result/results_1686676615.txt HTTP/1.1" 200 77
::1 - - [13/Jun/2023:20:17:59 +0300] "-" 408 -
127.0.0.1 - - [13/Jun/2023:20:22:35 +0300] "POST /Result/save_result.php HTTP/1.1" 200 335
::1 - - [13/Jun/2023:20:22:52 +0300] "GET /Result/ HTTP/1.1" 200 272
::1 - - [13/Jun/2023:20:22:52 +0300] "GET /Result/ HTTP/1.1" 200 272
127.0.0.1 - - [13/Jun/2023:20:23:45 +0300] "POST /Result/save_result.php HTTP/1.1" 200 341
::1 - - [13/Jun/2023:20:23:51 +0300] "-" 408 -
127.0.0.1 - - [13/Jun/2023:20:25:55 +0300] "POST /Result/save_result.php HTTP/1.1" 200 25
::1 - - [13/Jun/2023:20:25:59 +0300] "GET /Result/ HTTP/1.1" 200 342
::1 - - [13/Jun/2023:20:26:00 +0300] "GET /Result/results_1686677155.txt HTTP/1.1" 200 77
::1 - - [13/Jun/2023:20:26:59 +0300] "-" 408 -
127.0.0.1 - - [13/Jun/2023:20:30:51 +0300] "POST /Result/save_result.php HTTP/1.1" 200 25
127.0.0.1 - - [13/Jun/2023:20:31:33 +0300] "POST /Result/save_result.php HTTP/1.1" 200 25
::1 - - [13/Jun/2023:20:34:33 +0300] "GET /Result/ HTTP/1.1" 200 272
127.0.0.1 - - [13/Jun/2023:20:34:38 +0300] "POST /Result/save_result.php HTTP/1.1" 200 25
::1 - - [13/Jun/2023:20:34:39 +0300] "GET /Result/ HTTP/1.1" 200 338
::1 - - [13/Jun/2023:20:34:40 +0300] "GET /Result/%d1%96%d0%b2%d0%b0%d1%96.txt HTTP/1.1" 200 77
::1 - - [13/Jun/2023:20:35:39 +0300] "-" 408 -
127.0.0.1 - - [13/Jun/2023:20:39:21 +0300] "POST /Result/save_result.php HTTP/1.1" 200 25
::1 - - [13/Jun/2023:20:39:30 +0300] "GET /Result/ HTTP/1.1" 200 338
::1 - - [13/Jun/2023:20:39:31 +0300] "GET / HTTP/1.1" 200 351
::1 - - [13/Jun/2023:20:39:33 +0300] "GET /Tests/ HTTP/1.1" 200 254
::1 - - [13/Jun/2023:20:39:34 +0300] "GET /Tests/Result/ HTTP/1.1" 200 316
::1 - - [13/Jun/2023:20:39:37 +0300] "GET /Tests/ HTTP/1.1" 200 254
::1 - - [13/Jun/2023:20:39:38 +0300] "GET / HTTP/1.1" 200 351
::1 - - [13/Jun/2023:20:39:41 +0300] "GET /Tests/ HTTP/1.1" 200 254
::1 - - [13/Jun/2023:20:40:30 +0300] "-" 408 -
::1 - - [13/Jun/2023:20:40:34 +0300] "GET / HTTP/1.1" 200 313
::1 - - [13/Jun/2023:20:40:38 +0300] "GET /%d0%b2%d0%b0%d0%b2%d1%96/ HTTP/1.1" 200 352
::1 - - [13/Jun/2023:20:40:40 +0300] "GET /%d0%b2%d0%b0%d0%b2%d1%96/ HTTP/1.1" 200 352
::1 - - [13/Jun/2023:20:40:43 +0300] "GET /Result/ HTTP/1.1" 200 338
::1 - - [13/Jun/2023:20:41:34 +0300] "-" 408 -
127.0.0.1 - - [13/Jun/2023:20:42:52 +0300] "POST /Result/save_result.php HTTP/1.1" 200 25
::1 - - [13/Jun/2023:20:42:57 +0300] "GET /Result/ HTTP/1.1" 200 354
::1 - - [13/Jun/2023:20:42:58 +0300] "GET /Result/%d1%96%d0%b2%d0%b0%d1%96_results.txt HTTP/1.1" 200 77
::1 - - [13/Jun/2023:20:43:57 +0300] "-" 408 -
127.0.0.1 - - [13/Jun/2023:20:48:00 +0300] "POST /Result/save_result.php HTTP/1.1" 200 25
::1 - - [13/Jun/2023:20:48:02 +0300] "GET /Result/ HTTP/1.1" 200 354
::1 - - [13/Jun/2023:20:48:03 +0300] "GET /Result/ HTTP/1.1" 200 354
::1 - - [13/Jun/2023:20:48:04 +0300] "GET /Result/ HTTP/1.1" 200 354
::1 - - [13/Jun/2023:20:48:04 +0300] "GET /Result/ HTTP/1.1" 200 354
::1 - - [13/Jun/2023:20:48:06 +0300] "GET / HTTP/1.1" 200 313
::1 - - [13/Jun/2023:20:48:07 +0300] "GET /Result/ HTTP/1.1" 200 354
::1 - - [13/Jun/2023:20:49:02 +0300] "-" 408 -
127.0.0.1 - - [13/Jun/2023:20:51:31 +0300] "POST /Result/save_result.php HTTP/1.1" 200 25
127.0.0.1 - - [13/Jun/2023:20:51:37 +0300] "POST /Result/save_result.php HTTP/1.1" 200 25
127.0.0.1 - - [13/Jun/2023:20:53:06 +0300] "POST /Result/save_result.php HTTP/1.1" 200 174
127.0.0.1 - - [13/Jun/2023:20:53:40 +0300] "POST /Result/save_result.php HTTP/1.1" 200 159
127.0.0.1 - - [13/Jun/2023:20:55:29 +0300] "POST /Result/save_result.php HTTP/1.1" 200 52
::1 - - [13/Jun/2023:20:55:34 +0300] "GET /Result/ HTTP/1.1" 200 312
::1 - - [13/Jun/2023:20:55:35 +0300] "GET /Result/Result/ HTTP/1.1" 200 319
::1 - - [13/Jun/2023:20:55:39 +0300] "GET /Result/Result/ HTTP/1.1" 200 319
::1 - - [13/Jun/2023:20:55:44 +0300] "GET /Result/Result/%d1%96%d0%b2%d0%b0%d1%96_results.txt HTTP/1.1" 200 121
::1 - - [13/Jun/2023:20:55:46 +0300] "GET /Result/ HTTP/1.1" 200 312
127.0.0.1 - - [13/Jun/2023:20:56:08 +0300] "POST /Result/save_result.php HTTP/1.1" 200 210
::1 - - [13/Jun/2023:20:56:34 +0300] "-" 408 -
127.0.0.1 - - [13/Jun/2023:20:57:54 +0300] "POST /Result/save_result.php HTTP/1.1" 200 52
::1 - - [13/Jun/2023:20:57:57 +0300] "GET /Result/ HTTP/1.1" 200 312
::1 - - [13/Jun/2023:20:57:58 +0300] "GET /Result/Result/ HTTP/1.1" 200 319
::1 - - [13/Jun/2023:20:57:59 +0300] "GET /Result/ HTTP/1.1" 200 312
::1 - - [13/Jun/2023:20:58:00 +0300] "GET / HTTP/1.1" 200 313
::1 - - [13/Jun/2023:20:58:01 +0300] "GET /Result/ HTTP/1.1" 200 312
::1 - - [13/Jun/2023:20:58:57 +0300] "-" 408 -
127.0.0.1 - - [13/Jun/2023:20:59:31 +0300] "POST /Result/save_result.php HTTP/1.1" 200 259
::1 - - [13/Jun/2023:21:00:10 +0300] "-" 408 -
::1 - - [13/Jun/2023:21:00:53 +0300] "GET /Result/ HTTP/1.1" 200 272
127.0.0.1 - - [13/Jun/2023:21:00:57 +0300] "POST /Result/save_result.php HTTP/1.1" 200 52
::1 - - [13/Jun/2023:21:00:59 +0300] "GET /Result/ HTTP/1.1" 200 312
::1 - - [13/Jun/2023:21:00:59 +0300] "GET /Result/Result/ HTTP/1.1" 200 319
::1 - - [13/Jun/2023:21:01:41 +0300] "GET /%d0%b2%d0%b0%d0%b2%d1%96/ HTTP/1.1" 200 352
::1 - - [13/Jun/2023:21:01:41 +0300] "GET /%d0%b2%d0%b0%d0%b2%d1%96/%d0%b2%d0%b0%d1%96%d0%b2%d0%b0.xml HTTP/1.1" 304 -
::1 - - [13/Jun/2023:21:02:08 +0300] "GET / HTTP/1.1" 200 313
::1 - - [13/Jun/2023:21:02:21 +0300] "POST /save_test.php HTTP/1.1" 200 42
::1 - - [13/Jun/2023:21:02:39 +0300] "-" 408 -
::1 - - [13/Jun/2023:21:02:40 +0300] "GET / HTTP/1.1" 200 349
::1 - - [13/Jun/2023:21:02:42 +0300] "GET /%D0%B2%D0%B0%D0%B2%D1%96// HTTP/1.1" 200 352
::1 - - [13/Jun/2023:21:02:42 +0300] "GET /%D0%B2%D0%B0%D0%B2%D1%96// HTTP/1.1" 200 352
::1 - - [13/Jun/2023:21:02:43 +0300] "GET /sdwd// HTTP/1.1" 200 258
::1 - - [13/Jun/2023:21:02:43 +0300] "GET /sdwd// HTTP/1.1" 200 258
::1 - - [13/Jun/2023:21:02:44 +0300] "GET /sdwd//fewfwe.xml HTTP/1.1" 200 231
::1 - - [13/Jun/2023:21:02:44 +0300] "GET /sdwd//fewfwe.xml HTTP/1.1" 200 231
::1 - - [13/Jun/2023:21:02:49 +0300] "GET /sdwd/fewfwe.xml HTTP/1.1" 200 231
::1 - - [13/Jun/2023:21:02:53 +0300] "POST /Result/save_result.php HTTP/1.1" 200 52
::1 - - [13/Jun/2023:21:03:00 +0300] "POST /Result/save_result.php HTTP/1.1" 200 52
::1 - - [13/Jun/2023:21:03:01 +0300] "GET / HTTP/1.1" 200 349
::1 - - [13/Jun/2023:21:03:04 +0300] "GET /sdwd/ HTTP/1.1" 200 258
::1 - - [13/Jun/2023:21:03:04 +0300] "GET / HTTP/1.1" 200 349
::1 - - [13/Jun/2023:21:03:06 +0300] "GET /Result/ HTTP/1.1" 200 312
::1 - - [13/Jun/2023:21:03:07 +0300] "GET /Result/Result/ HTTP/1.1" 200 357
::1 - - [13/Jun/2023:21:03:09 +0300] "GET /Result/Result/sefse/ HTTP/1.1" 200 310
::1 - - [13/Jun/2023:21:03:49 +0300] "GET /Result/Result/ HTTP/1.1" 200 357
::1 - - [13/Jun/2023:21:03:50 +0300] "GET /Result/ HTTP/1.1" 200 312
::1 - - [13/Jun/2023:21:03:51 +0300] "GET /Result/Result/ HTTP/1.1" 200 357
::1 - - [13/Jun/2023:21:03:52 +0300] "GET /Result/ HTTP/1.1" 200 312
127.0.0.1 - - [13/Jun/2023:21:04:15 +0300] "POST /Result/save_result.php HTTP/1.1" 200 278
::1 - - [13/Jun/2023:21:04:49 +0300] "-" 408 -
::1 - - [13/Jun/2023:21:07:32 +0300] "GET /Result/ HTTP/1.1" 200 312
127.0.0.1 - - [13/Jun/2023:21:07:39 +0300] "POST /Result/save_result.php HTTP/1.1" 200 278
::1 - - [13/Jun/2023:21:08:32 +0300] "-" 408 -
::1 - - [13/Jun/2023:21:37:47 +0300] "GET /Result/ HTTP/1.1" 200 324
::1 - - [13/Jun/2023:21:37:50 +0300] "GET /Result/composer.json HTTP/1.1" 200 44
::1 - - [13/Jun/2023:21:38:47 +0300] "-" 408 -
::1 - - [13/Jun/2023:21:47:06 +0300] "GET /Result/ HTTP/1.1" 200 324
127.0.0.1 - - [13/Jun/2023:21:47:30 +0300] "POST /Result/save_result.php HTTP/1.1" 200 52
::1 - - [13/Jun/2023:21:47:32 +0300] "GET /Result/ HTTP/1.1" 200 312
::1 - - [13/Jun/2023:21:47:34 +0300] "GET /Result/Result/ HTTP/1.1" 200 277
::1 - - [13/Jun/2023:21:47:36 +0300] "GET /Result/Result/vamavm/ HTTP/1.1" 200 340
::1 - - [13/Jun/2023:21:47:57 +0300] "GET /Result/Result/ HTTP/1.1" 200 277
127.0.0.1 - - [13/Jun/2023:21:48:30 +0300] "POST /Result/save_result.php HTTP/1.1" 200 52
::1 - - [13/Jun/2023:21:48:32 +0300] "GET /Result/Result/ HTTP/1.1" 200 359
::1 - - [13/Jun/2023:21:48:39 +0300] "GET /Result/Result/Tema%20biologia%20dla%20dauniv/ HTTP/1.1" 200 384
127.0.0.1 - - [13/Jun/2023:21:49:14 +0300] "POST /Result/save_result.php HTTP/1.1" 200 52
::1 - - [13/Jun/2023:21:49:15 +0300] "GET /Result/ HTTP/1.1" 200 394
127.0.0.1 - - [13/Jun/2023:21:49:34 +0300] "POST /Result/save_result.php HTTP/1.1" 200 52
::1 - - [13/Jun/2023:21:49:37 +0300] "GET /Result/ HTTP/1.1" 200 448
::1 - - [13/Jun/2023:21:49:42 +0300] "GET /Result/Tema_biologia/ HTTP/1.1" 200 341
127.0.0.1 - - [13/Jun/2023:21:49:50 +0300] "POST /Result/save_result.php HTTP/1.1" 200 52
::1 - - [13/Jun/2023:21:49:53 +0300] "GET /Result/ HTTP/1.1" 200 448
::1 - - [13/Jun/2023:21:49:55 +0300] "GET /Result/Tema_biologia/ HTTP/1.1" 200 415
::1 - - [13/Jun/2023:21:49:58 +0300] "GET /Result/Tema_biologia/%d0%92%d0%b2%d0%b2_results.txt HTTP/1.1" 200 132
::1 - - [13/Jun/2023:21:50:02 +0300] "GET /Result/Tema_biologia/%d0%92%d0%b0%d1%81%d1%8f%d0%bd_results.txt HTTP/1.1" 200 136
::1 - - [13/Jun/2023:21:50:53 +0300] "-" 408 -
127.0.0.1 - - [13/Jun/2023:21:53:44 +0300] "POST /Result/save_result.php HTTP/1.1" 200 52
::1 - - [13/Jun/2023:21:53:46 +0300] "GET /Result/Tema_biologia/ HTTP/1.1" 200 415
::1 - - [13/Jun/2023:21:53:48 +0300] "GET /Result/ HTTP/1.1" 200 494
::1 - - [13/Jun/2023:21:54:45 +0300] "GET /Result/ HTTP/1.1" 200 272
127.0.0.1 - - [13/Jun/2023:21:54:54 +0300] "POST /Result/save_result.php HTTP/1.1" 200 52
::1 - - [13/Jun/2023:21:54:56 +0300] "GET /Result/ HTTP/1.1" 200 346
::1 - - [13/Jun/2023:21:54:58 +0300] "GET /Result/Tema_biologia%20is%20isis/ HTTP/1.1" 200 341
127.0.0.1 - - [13/Jun/2023:21:55:16 +0300] "POST /Result/save_result.php HTTP/1.1" 200 52
::1 - - [13/Jun/2023:21:55:18 +0300] "GET /Result/ HTTP/1.1" 200 424
::1 - - [13/Jun/2023:21:55:20 +0300] "GET /Result/Tema%20biologia%20balalajka/ HTTP/1.1" 200 345
::1 - - [13/Jun/2023:21:56:18 +0300] "-" 408 -
::1 - - [13/Jun/2023:21:56:29 +0300] "GET /Result/Tema%20biologia%20balalajka/ HTTP/1.1" 200 345
::1 - - [13/Jun/2023:21:56:30 +0300] "GET /Result/Tema%20biologia%20balalajka/ HTTP/1.1" 200 345
::1 - - [13/Jun/2023:21:56:31 +0300] "GET /Result/ HTTP/1.1" 200 424
::1 - - [13/Jun/2023:21:56:31 +0300] "GET /Result/ HTTP/1.1" 200 424
127.0.0.1 - - [13/Jun/2023:21:56:45 +0300] "POST /Result/save_result.php HTTP/1.1" 200 52
::1 - - [13/Jun/2023:21:56:46 +0300] "GET /Result/ HTTP/1.1" 200 346
::1 - - [13/Jun/2023:21:57:46 +0300] "-" 408 -
127.0.0.1 - - [13/Jun/2023:21:59:51 +0300] "POST /Result/save_result.php HTTP/1.1" 200 52
::1 - - [13/Jun/2023:21:59:54 +0300] "GET /Result/ HTTP/1.1" 200 346
::1 - - [13/Jun/2023:21:59:56 +0300] "GET /Result/Tema_biologia_balalajka/ HTTP/1.1" 200 345
::1 - - [13/Jun/2023:21:59:57 +0300] "GET /Result/ HTTP/1.1" 200 346
::1 - - [13/Jun/2023:22:00:54 +0300] "-" 408 -
::1 - - [13/Jun/2023:22:01:49 +0300] "GET / HTTP/1.1" 200 349
::1 - - [13/Jun/2023:22:01:58 +0300] "POST /save_test.php HTTP/1.1" 200 42
::1 - - [13/Jun/2023:22:02:03 +0300] "GET /Result/ HTTP/1.1" 200 346
::1 - - [13/Jun/2023:22:02:04 +0300] "GET / HTTP/1.1" 200 409
::1 - - [13/Jun/2023:22:02:05 +0300] "GET /%d0%b2%d0%b0%d0%b0%d0%b2/ HTTP/1.1" 200 286
::1 - - [13/Jun/2023:22:02:06 +0300] "GET /%d0%b2%d0%b0%d0%b0%d0%b2/%d0%b2%d0%b0%d1%96%d0%b2.xml HTTP/1.1" 200 253
::1 - - [13/Jun/2023:22:03:03 +0300] "-" 408 -
::1 - - [13/Jun/2023:22:04:53 +0300] "GET / HTTP/1.1" 200 409
::1 - - [13/Jun/2023:22:04:55 +0300] "GET /sdwd// HTTP/1.1" 200 258
::1 - - [13/Jun/2023:22:04:55 +0300] "GET /sdwd// HTTP/1.1" 200 258
::1 - - [13/Jun/2023:22:04:56 +0300] "GET /sdwd//fewfwe.xml HTTP/1.1" 200 231
::1 - - [13/Jun/2023:22:04:56 +0300] "GET /sdwd//fewfwe.xml HTTP/1.1" 200 231
::1 - - [13/Jun/2023:22:04:57 +0300] "GET /sdwd/fewfwe.xml HTTP/1.1" 200 231
::1 - - [13/Jun/2023:22:04:59 +0300] "POST /Result/save_result.php HTTP/1.1" 200 52
::1 - - [13/Jun/2023:22:05:16 +0300] "POST /Result/save_result.php HTTP/1.1" 200 52
::1 - - [13/Jun/2023:22:05:20 +0300] "GET / HTTP/1.1" 200 409
::1 - - [13/Jun/2023:22:05:22 +0300] "GET /sdwd/ HTTP/1.1" 200 258
::1 - - [13/Jun/2023:22:05:24 +0300] "GET /sdwd/fewfwe.xml HTTP/1.1" 200 231
::1 - - [13/Jun/2023:22:05:32 +0300] "GET / HTTP/1.1" 200 409
::1 - - [13/Jun/2023:22:05:34 +0300] "GET /sdwd// HTTP/1.1" 200 258
::1 - - [13/Jun/2023:22:05:34 +0300] "GET /sdwd// HTTP/1.1" 200 258
::1 - - [13/Jun/2023:22:05:35 +0300] "GET /sdwd//fewfwe.xml HTTP/1.1" 200 231
::1 - - [13/Jun/2023:22:05:35 +0300] "GET /sdwd//fewfwe.xml HTTP/1.1" 200 231
::1 - - [13/Jun/2023:22:05:37 +0300] "GET /sdwd/fewfwe.xml HTTP/1.1" 200 231
::1 - - [13/Jun/2023:22:05:41 +0300] "POST /Result/save_result.php HTTP/1.1" 200 52
::1 - - [13/Jun/2023:22:06:12 +0300] "POST /Result/save_result.php HTTP/1.1" 200 52
::1 - - [13/Jun/2023:22:06:20 +0300] "-" 408 -
::1 - - [13/Jun/2023:22:06:28 +0300] "GET / HTTP/1.1" 200 409
::1 - - [13/Jun/2023:22:06:30 +0300] "GET /sdwd// HTTP/1.1" 200 258
::1 - - [13/Jun/2023:22:06:30 +0300] "GET /sdwd// HTTP/1.1" 200 258
::1 - - [13/Jun/2023:22:06:31 +0300] "GET /sdwd//fewfwe.xml HTTP/1.1" 200 231
::1 - - [13/Jun/2023:22:06:31 +0300] "GET /sdwd//fewfwe.xml HTTP/1.1" 200 231
::1 - - [13/Jun/2023:22:06:32 +0300] "GET /sdwd/fewfwe.xml HTTP/1.1" 200 231
::1 - - [13/Jun/2023:22:06:34 +0300] "POST /Result/save_result.php HTTP/1.1" 200 52
::1 - - [13/Jun/2023:22:07:15 +0300] "POST /Result/save_result.php HTTP/1.1" 200 52
::1 - - [13/Jun/2023:22:12:51 +0300] "GET / HTTP/1.1" 200 409
::1 - - [13/Jun/2023:22:12:53 +0300] "GET /sdwd// HTTP/1.1" 200 258
::1 - - [13/Jun/2023:22:12:53 +0300] "GET /sdwd// HTTP/1.1" 200 258
::1 - - [13/Jun/2023:22:12:54 +0300] "GET /sdwd//fewfwe.xml HTTP/1.1" 200 231
::1 - - [13/Jun/2023:22:12:54 +0300] "GET /sdwd//fewfwe.xml HTTP/1.1" 200 231
::1 - - [13/Jun/2023:22:12:57 +0300] "GET /sdwd/fewfwe.xml HTTP/1.1" 200 231
::1 - - [13/Jun/2023:22:12:58 +0300] "POST /Result/save_result.php HTTP/1.1" 200 52
::1 - - [13/Jun/2023:22:13:05 +0300] "GET / HTTP/1.1" 200 409
::1 - - [13/Jun/2023:22:13:07 +0300] "POST /Result/save_result.php HTTP/1.1" 200 52
::1 - - [13/Jun/2023:22:27:41 +0300] "GET / HTTP/1.1" 200 409
::1 - - [13/Jun/2023:22:27:42 +0300] "GET /sdwd// HTTP/1.1" 200 258
::1 - - [13/Jun/2023:22:27:42 +0300] "GET /sdwd// HTTP/1.1" 200 258
::1 - - [13/Jun/2023:22:27:43 +0300] "GET /sdwd//fewfwe.xml HTTP/1.1" 200 231
::1 - - [13/Jun/2023:22:27:43 +0300] "GET /sdwd//fewfwe.xml HTTP/1.1" 200 231
::1 - - [13/Jun/2023:22:27:46 +0300] "GET /sdwd/fewfwe.xml HTTP/1.1" 200 231
::1 - - [13/Jun/2023:22:27:47 +0300] "POST /Result/save_result.php HTTP/1.1" 200 52
::1 - - [13/Jun/2023:22:27:51 +0300] "POST /Result/save_result.php HTTP/1.1" 200 52
::1 - - [13/Jun/2023:22:44:27 +0300] "GET / HTTP/1.1" 200 253
::1 - - [13/Jun/2023:22:45:05 +0300] "GET / HTTP/1.1" 200 253
::1 - - [13/Jun/2023:22:45:14 +0300] "POST /save_test.php HTTP/1.1" 200 42
::1 - - [13/Jun/2023:22:45:28 +0300] "GET / HTTP/1.1" 200 329
::1 - - [13/Jun/2023:22:45:30 +0300] "GET /%D1%84%D1%96%D1%87%D1%81%D1%96%D1%84// HTTP/1.1" 200 278
::1 - - [13/Jun/2023:22:45:30 +0300] "GET /%D1%84%D1%96%D1%87%D1%81%D1%96%D1%84// HTTP/1.1" 200 278
::1 - - [13/Jun/2023:22:45:31 +0300] "GET /%D1%84%D1%96%D1%87%D1%81%D1%96%D1%84//%D1%87%D1%81.xml HTTP/1.1" 200 257
::1 - - [13/Jun/2023:22:45:31 +0300] "GET /%D1%84%D1%96%D1%87%D1%81%D1%96%D1%84//%D1%87%D1%81.xml HTTP/1.1" 200 257
::1 - - [13/Jun/2023:22:45:32 +0300] "GET /%D1%84%D1%96%D1%87%D1%81%D1%96%D1%84/%D1%87%D1%81.xml HTTP/1.1" 200 257
::1 - - [13/Jun/2023:22:45:34 +0300] "POST /Result/save_result.php HTTP/1.1" 200 52
::1 - - [13/Jun/2023:22:45:38 +0300] "POST /Result/save_result.php HTTP/1.1" 200 52
::1 - - [13/Jun/2023:22:49:19 +0300] "GET / HTTP/1.1" 200 329
::1 - - [13/Jun/2023:22:49:32 +0300] "POST /save_test.php HTTP/1.1" 200 42
::1 - - [13/Jun/2023:22:52:11 +0300] "GET / HTTP/1.1" 200 329
::1 - - [13/Jun/2023:22:52:26 +0300] "POST /save_test.php HTTP/1.1" 200 42
::1 - - [13/Jun/2023:22:54:25 +0300] "GET / HTTP/1.1" 200 381
::1 - - [13/Jun/2023:22:54:40 +0300] "POST /save_test.php HTTP/1.1" 200 42
::1 - - [13/Jun/2023:22:56:09 +0300] "GET / HTTP/1.1" 200 419
::1 - - [13/Jun/2023:22:56:19 +0300] "POST /save_test.php HTTP/1.1" 200 42
::1 - - [13/Jun/2023:22:56:45 +0300] "GET / HTTP/1.1" 200 451
::1 - - [13/Jun/2023:22:56:57 +0300] "POST /save_test.php HTTP/1.1" 200 42
::1 - - [13/Jun/2023:22:57:05 +0300] "GET / HTTP/1.1" 200 485
::1 - - [13/Jun/2023:22:58:05 +0300] "-" 408 -
::1 - - [13/Jun/2023:22:58:12 +0300] "GET / HTTP/1.1" 200 485
::1 - - [13/Jun/2023:22:58:22 +0300] "POST /save_test.php HTTP/1.1" 200 42
::1 - - [13/Jun/2023:22:59:29 +0300] "GET / HTTP/1.1" 200 521
::1 - - [13/Jun/2023:22:59:46 +0300] "POST /save_test.php HTTP/1.1" 200 42
::1 - - [13/Jun/2023:23:00:48 +0300] "GET / HTTP/1.1" 200 581
::1 - - [13/Jun/2023:23:01:02 +0300] "POST /save_test.php HTTP/1.1" 200 42
::1 - - [13/Jun/2023:23:03:33 +0300] "GET / HTTP/1.1" 200 621
::1 - - [13/Jun/2023:23:03:42 +0300] "POST /save_test.php HTTP/1.1" 200 42
::1 - - [13/Jun/2023:23:09:37 +0300] "GET /Result/ HTTP/1.1" 200 308
::1 - - [13/Jun/2023:23:10:37 +0300] "-" 408 -
::1 - - [13/Jun/2023:23:25:19 +0300] "GET / HTTP/1.1" 200 253
::1 - - [13/Jun/2023:23:25:30 +0300] "GET / HTTP/1.1" 200 253
::1 - - [13/Jun/2023:23:25:38 +0300] "POST /save_test.php HTTP/1.1" 200 42
::1 - - [13/Jun/2023:23:25:43 +0300] "GET /Result/ HTTP/1.1" 200 308
::1 - - [13/Jun/2023:23:25:44 +0300] "GET /Result/sacs/ HTTP/1.1" 200 307
::1 - - [13/Jun/2023:23:25:45 +0300] "GET /Result/sacs/%d1%96%d0%b2%d1%96_results.txt HTTP/1.1" 200 114
::1 - - [13/Jun/2023:23:25:48 +0300] "GET / HTTP/1.1" 200 305
::1 - - [13/Jun/2023:23:25:49 +0300] "GET / HTTP/1.1" 200 305
::1 - - [13/Jun/2023:23:25:50 +0300] "GET /%d1%96%d0%b2%d0%b0/ HTTP/1.1" 200 258
::1 - - [13/Jun/2023:23:25:53 +0300] "GET /%d1%96%d0%b2%d0%b0/ HTTP/1.1" 200 258
::1 - - [13/Jun/2023:23:26:22 +0300] "GET / HTTP/1.1" 200 305
::1 - - [13/Jun/2023:23:26:24 +0300] "GET /%D1%96%D0%B2%D0%B0// HTTP/1.1" 200 258
::1 - - [13/Jun/2023:23:26:24 +0300] "GET /%D1%96%D0%B2%D0%B0// HTTP/1.1" 200 258
::1 - - [13/Jun/2023:23:26:24 +0300] "GET /%D1%96%D0%B2%D0%B0//%D0%B0.xml HTTP/1.1" 200 255
::1 - - [13/Jun/2023:23:26:24 +0300] "GET /%D1%96%D0%B2%D0%B0//%D0%B0.xml HTTP/1.1" 200 255
::1 - - [13/Jun/2023:23:26:29 +0300] "GET /%D1%96%D0%B2%D0%B0/%D0%B0.xml HTTP/1.1" 200 255
::1 - - [13/Jun/2023:23:26:43 +0300] "-" 408 -
::1 - - [13/Jun/2023:23:26:59 +0300] "POST /Result/save_result.php HTTP/1.1" 200 52
::1 - - [13/Jun/2023:23:27:02 +0300] "POST /Result/save_result.php HTTP/1.1" 200 52
::1 - - [13/Jun/2023:23:31:59 +0300] "GET / HTTP/1.1" 200 305
::1 - - [13/Jun/2023:23:32:01 +0300] "GET /%D1%96%D0%B2%D0%B0// HTTP/1.1" 200 258
::1 - - [13/Jun/2023:23:32:01 +0300] "GET /%D1%96%D0%B2%D0%B0// HTTP/1.1" 200 258
::1 - - [13/Jun/2023:23:32:02 +0300] "GET /%D1%96%D0%B2%D0%B0//%D0%B0.xml HTTP/1.1" 200 255
::1 - - [13/Jun/2023:23:32:02 +0300] "GET /%D1%96%D0%B2%D0%B0//%D0%B0.xml HTTP/1.1" 200 255
::1 - - [13/Jun/2023:23:32:03 +0300] "GET /%D1%96%D0%B2%D0%B0/%D0%B0.xml HTTP/1.1" 200 255
::1 - - [13/Jun/2023:23:43:42 +0300] "GET / HTTP/1.1" 200 305
::1 - - [13/Jun/2023:23:43:50 +0300] "GET /%D1%96%D0%B2%D0%B0// HTTP/1.1" 200 258
::1 - - [13/Jun/2023:23:43:50 +0300] "GET /%D1%96%D0%B2%D0%B0// HTTP/1.1" 200 258
::1 - - [13/Jun/2023:23:43:50 +0300] "GET /%D1%96%D0%B2%D0%B0//%D0%B0.xml HTTP/1.1" 200 255
::1 - - [13/Jun/2023:23:43:50 +0300] "GET /%D1%96%D0%B2%D0%B0//%D0%B0.xml HTTP/1.1" 200 255
::1 - - [13/Jun/2023:23:43:52 +0300] "GET /%D1%96%D0%B2%D0%B0/%D0%B0.xml HTTP/1.1" 200 255
::1 - - [13/Jun/2023:23:44:10 +0300] "POST /Result/save_result.php HTTP/1.1" 200 52
::1 - - [13/Jun/2023:23:44:17 +0300] "GET / HTTP/1.1" 200 305
::1 - - [13/Jun/2023:23:44:23 +0300] "POST /Result/save_result.php HTTP/1.1" 200 52
::1 - - [13/Jun/2023:23:46:49 +0300] "GET / HTTP/1.1" 200 305
::1 - - [13/Jun/2023:23:46:54 +0300] "GET /%D1%96%D0%B2%D0%B0// HTTP/1.1" 200 258
::1 - - [13/Jun/2023:23:46:54 +0300] "GET /%D1%96%D0%B2%D0%B0// HTTP/1.1" 200 258
::1 - - [13/Jun/2023:23:46:54 +0300] "GET /%D1%96%D0%B2%D0%B0//%D0%B0.xml HTTP/1.1" 200 255
::1 - - [13/Jun/2023:23:46:54 +0300] "GET /%D1%96%D0%B2%D0%B0//%D0%B0.xml HTTP/1.1" 200 255
::1 - - [13/Jun/2023:23:46:56 +0300] "GET /%D1%96%D0%B2%D0%B0/%D0%B0.xml HTTP/1.1" 200 255
::1 - - [13/Jun/2023:23:47:03 +0300] "POST /Result/save_result.php HTTP/1.1" 200 52
::1 - - [13/Jun/2023:23:47:05 +0300] "POST /Result/save_result.php HTTP/1.1" 200 52
::1 - - [14/Jun/2023:00:13:45 +0300] "GET / HTTP/1.1" 200 305
::1 - - [14/Jun/2023:00:13:47 +0300] "GET /%D1%96%D0%B2%D0%B0// HTTP/1.1" 200 258
::1 - - [14/Jun/2023:00:13:47 +0300] "GET /%D1%96%D0%B2%D0%B0// HTTP/1.1" 200 258
::1 - - [14/Jun/2023:00:13:47 +0300] "GET /%D1%96%D0%B2%D0%B0//%D0%B0.xml HTTP/1.1" 200 255
::1 - - [14/Jun/2023:00:13:47 +0300] "GET /%D1%96%D0%B2%D0%B0//%D0%B0.xml HTTP/1.1" 200 255
::1 - - [14/Jun/2023:00:13:49 +0300] "GET /%D1%96%D0%B2%D0%B0/%D0%B0.xml HTTP/1.1" 200 255
::1 - - [14/Jun/2023:00:13:59 +0300] "POST /Result/save_result.php HTTP/1.1" 200 52
::1 - - [14/Jun/2023:00:14:03 +0300] "POST /Result/save_result.php HTTP/1.1" 200 52
::1 - - [14/Jun/2023:00:14:18 +0300] "GET / HTTP/1.1" 200 305
::1 - - [14/Jun/2023:00:14:21 +0300] "GET /%D1%96%D0%B2%D0%B0// HTTP/1.1" 200 258
::1 - - [14/Jun/2023:00:14:21 +0300] "GET /%D1%96%D0%B2%D0%B0// HTTP/1.1" 200 258
::1 - - [14/Jun/2023:00:14:21 +0300] "GET /%D1%96%D0%B2%D0%B0//%D0%B0.xml HTTP/1.1" 200 255
::1 - - [14/Jun/2023:00:14:21 +0300] "GET /%D1%96%D0%B2%D0%B0//%D0%B0.xml HTTP/1.1" 200 255
::1 - - [14/Jun/2023:00:14:22 +0300] "GET /%D1%96%D0%B2%D0%B0/%D0%B0.xml HTTP/1.1" 200 255
::1 - - [14/Jun/2023:00:14:38 +0300] "POST /Result/save_result.php HTTP/1.1" 200 52
::1 - - [14/Jun/2023:00:33:40 +0300] "GET / HTTP/1.1" 200 305
::1 - - [14/Jun/2023:00:33:42 +0300] "GET /%D1%96%D0%B2%D0%B0// HTTP/1.1" 200 258
::1 - - [14/Jun/2023:00:33:42 +0300] "GET /%D1%96%D0%B2%D0%B0// HTTP/1.1" 200 258
::1 - - [14/Jun/2023:00:33:43 +0300] "GET /%D1%96%D0%B2%D0%B0//%D0%B0.xml HTTP/1.1" 200 255
::1 - - [14/Jun/2023:00:33:43 +0300] "GET /%D1%96%D0%B2%D0%B0//%D0%B0.xml HTTP/1.1" 200 255
::1 - - [14/Jun/2023:00:33:44 +0300] "GET /%D1%96%D0%B2%D0%B0/%D0%B0.xml HTTP/1.1" 200 255
::1 - - [14/Jun/2023:00:33:54 +0300] "POST /Result/save_result.php HTTP/1.1" 200 52
::1 - - [14/Jun/2023:00:34:04 +0300] "POST /Result/save_result.php HTTP/1.1" 200 52
::1 - - [14/Jun/2023:00:53:31 +0300] "GET / HTTP/1.1" 200 305
::1 - - [14/Jun/2023:00:53:33 +0300] "GET /%D1%96%D0%B2%D0%B0// HTTP/1.1" 200 258
::1 - - [14/Jun/2023:00:53:33 +0300] "GET /%D1%96%D0%B2%D0%B0// HTTP/1.1" 200 258
::1 - - [14/Jun/2023:00:53:34 +0300] "GET /%D1%96%D0%B2%D0%B0//%D0%B0.xml HTTP/1.1" 200 255
::1 - - [14/Jun/2023:00:53:34 +0300] "GET /%D1%96%D0%B2%D0%B0//%D0%B0.xml HTTP/1.1" 200 255
::1 - - [14/Jun/2023:00:53:35 +0300] "GET /%D1%96%D0%B2%D0%B0/%D0%B0.xml HTTP/1.1" 200 255
::1 - - [14/Jun/2023:00:58:30 +0300] "POST /Result/save_result.php HTTP/1.1" 200 52
::1 - - [14/Jun/2023:00:58:33 +0300] "POST /Result/save_result.php HTTP/1.1" 200 52
::1 - - [14/Jun/2023:01:22:22 +0300] "GET / HTTP/1.1" 200 305
::1 - - [14/Jun/2023:01:22:30 +0300] "GET /%D1%96%D0%B2%D0%B0// HTTP/1.1" 200 258
::1 - - [14/Jun/2023:01:22:30 +0300] "GET /%D1%96%D0%B2%D0%B0// HTTP/1.1" 200 258
::1 - - [14/Jun/2023:01:22:30 +0300] "GET /%D1%96%D0%B2%D0%B0//%D0%B0.xml HTTP/1.1" 200 255
::1 - - [14/Jun/2023:01:22:30 +0300] "GET /%D1%96%D0%B2%D0%B0//%D0%B0.xml HTTP/1.1" 200 255
::1 - - [14/Jun/2023:01:22:32 +0300] "GET /%D1%96%D0%B2%D0%B0/%D0%B0.xml HTTP/1.1" 200 255
::1 - - [14/Jun/2023:01:22:44 +0300] "POST /Result/save_result.php HTTP/1.1" 200 52
::1 - - [14/Jun/2023:01:37:54 +0300] "GET / HTTP/1.1" 200 305
::1 - - [14/Jun/2023:01:37:55 +0300] "GET /%D1%96%D0%B2%D0%B0// HTTP/1.1" 200 258
::1 - - [14/Jun/2023:01:37:55 +0300] "GET /%D1%96%D0%B2%D0%B0// HTTP/1.1" 200 258
::1 - - [14/Jun/2023:01:37:56 +0300] "GET /%D1%96%D0%B2%D0%B0//%D0%B0.xml HTTP/1.1" 200 255
::1 - - [14/Jun/2023:01:37:56 +0300] "GET /%D1%96%D0%B2%D0%B0//%D0%B0.xml HTTP/1.1" 200 255
::1 - - [14/Jun/2023:01:37:57 +0300] "GET /%D1%96%D0%B2%D0%B0/%D0%B0.xml HTTP/1.1" 200 255
::1 - - [14/Jun/2023:01:38:13 +0300] "POST /Result/save_result.php HTTP/1.1" 200 52
::1 - - [14/Jun/2023:16:02:21 +0300] "GET /favicon.ico HTTP/1.1" 404 196
::1 - - [14/Jun/2023:16:03:20 +0300] "-" 408 -
