AH00558: httpd.exe: Could not reliably determine the server's fully qualified domain name, using fe80::b85d:5ccd:38e4:b7e7. Set the 'ServerName' directive globally to suppress this message
[Mon Jun 12 22:34:18.515814 2023] [mpm_winnt:notice] [pid 18712:tid 400] AH00455: Apache/2.4.54 (Win64) configured -- resuming normal operations
[Mon Jun 12 22:34:18.516814 2023] [mpm_winnt:notice] [pid 18712:tid 400] AH00456: Apache Lounge VS16 Server built: Jun 22 2022 09:58:15
[Mon Jun 12 22:34:18.516814 2023] [core:notice] [pid 18712:tid 400] AH00094: Command line: 'C:\\Apache24\\bin\\httpd.exe -d C:/Apache24'
[Mon Jun 12 22:34:18.520815 2023] [mpm_winnt:notice] [pid 18712:tid 400] AH00418: Parent: Created child process 15124
AH00558: httpd.exe: Could not reliably determine the server's fully qualified domain name, using fe80::b85d:5ccd:38e4:b7e7. Set the 'ServerName' directive globally to suppress this message
Apache server shutdown initiated...
ly determine the server's fully qualified domain name, using fe80::b85d:5ccd:38e4:b7e7. Set the 'ServerName' directive globally to suppress this message
[Mon Jun 12 22:34:19.203595 2023] [mpm_winnt:notice] [pid 15124:tid 404] AH00354: Child: Starting 64 worker threads.
[Mon Jun 12 22:38:07.965898 2023] [mpm_winnt:notice] [pid 18712:tid 400] AH00422: Parent: Received shutdown signal -- Shutting down the server.
[Mon Jun 12 22:38:09.986356 2023] [mpm_winnt:notice] [pid 15124:tid 404] AH00364: Child: All worker threads have exited.
[Mon Jun 12 22:38:10.006223 2023] [mpm_winnt:notice] [pid 18712:tid 400] AH00430: Parent: Child process 15124 exited successfully.
[Mon Jun 12 22:38:13.176064 2023] [mpm_winnt:notice] [pid 14328:tid 400] AH00455: Apache/2.4.54 (Win64) configured -- resuming normal operations
[Mon Jun 12 22:38:13.177064 2023] [mpm_winnt:notice] [pid 14328:tid 400] AH00456: Apache Lounge VS16 Server built: Jun 22 2022 09:58:15
[Mon Jun 12 22:38:13.177064 2023] [core:notice] [pid 14328:tid 400] AH00094: Command line: 'C:\\Apache24\\bin\\httpd.exe -d C:/Apache24'
[Mon Jun 12 22:38:13.180101 2023] [mpm_winnt:notice] [pid 14328:tid 400] AH00418: Parent: Created child process 15936
Apache server shutdown initiated...
pm_winnt:notice] [pid 15936:tid 404] AH00354: Child: Starting 64 worker threads.
[Mon Jun 12 23:43:11.782932 2023] [mpm_winnt:notice] [pid 14328:tid 400] AH00422: Parent: Received shutdown signal -- Shutting down the server.
[Mon Jun 12 23:43:13.793708 2023] [mpm_winnt:notice] [pid 15936:tid 404] AH00364: Child: All worker threads have exited.
[Mon Jun 12 23:43:13.813677 2023] [mpm_winnt:notice] [pid 14328:tid 400] AH00430: Parent: Child process 15936 exited successfully.
[Mon Jun 12 23:45:22.168274 2023] [mpm_winnt:notice] [pid 9928:tid 400] AH00455: Apache/2.4.54 (Win64) configured -- resuming normal operations
[Mon Jun 12 23:45:22.169273 2023] [mpm_winnt:notice] [pid 9928:tid 400] AH00456: Apache Lounge VS16 Server built: Jun 22 2022 09:58:15
[Mon Jun 12 23:45:22.169273 2023] [core:notice] [pid 9928:tid 400] AH00094: Command line: 'C:\\Apache24\\bin\\httpd.exe -d C:/Apache24'
[Mon Jun 12 23:45:22.173273 2023] [mpm_winnt:notice] [pid 9928:tid 400] AH00418: Parent: Created child process 1856
Apache server shutdown initiated...
pm_winnt:notice] [pid 1856:tid 424] AH00354: Child: Starting 64 worker threads.
[Tue Jun 13 00:21:40.498243 2023] [mpm_winnt:notice] [pid 9928:tid 400] AH00422: Parent: Received shutdown signal -- Shutting down the server.
[Tue Jun 13 00:21:42.517078 2023] [mpm_winnt:notice] [pid 1856:tid 424] AH00364: Child: All worker threads have exited.
[Tue Jun 13 00:21:42.537028 2023] [mpm_winnt:notice] [pid 9928:tid 400] AH00430: Parent: Child process 1856 exited successfully.
[Tue Jun 13 00:23:40.708184 2023] [mpm_winnt:notice] [pid 20288:tid 408] AH00455: Apache/2.4.54 (Win64) configured -- resuming normal operations
[Tue Jun 13 00:23:40.709183 2023] [mpm_winnt:notice] [pid 20288:tid 408] AH00456: Apache Lounge VS16 Server built: Jun 22 2022 09:58:15
[Tue Jun 13 00:23:40.709183 2023] [core:notice] [pid 20288:tid 408] AH00094: Command line: 'C:\\Apache24\\bin\\httpd.exe -d C:/Apache24'
[Tue Jun 13 00:23:40.713183 2023] [mpm_winnt:notice] [pid 20288:tid 408] AH00418: Parent: Created child process 23384
Apache server shutdown initiated...
pm_winnt:notice] [pid 23384:tid 416] AH00354: Child: Starting 64 worker threads.
[Tue Jun 13 00:29:02.939255 2023] [mpm_winnt:notice] [pid 20288:tid 408] AH00422: Parent: Received shutdown signal -- Shutting down the server.
[Tue Jun 13 00:29:04.957001 2023] [mpm_winnt:notice] [pid 23384:tid 416] AH00364: Child: All worker threads have exited.
[Tue Jun 13 00:29:04.976992 2023] [mpm_winnt:notice] [pid 20288:tid 408] AH00430: Parent: Child process 23384 exited successfully.
[Tue Jun 13 00:39:38.789355 2023] [mpm_winnt:notice] [pid 21076:tid 400] AH00455: Apache/2.4.54 (Win64) configured -- resuming normal operations
[Tue Jun 13 00:39:38.790355 2023] [mpm_winnt:notice] [pid 21076:tid 400] AH00456: Apache Lounge VS16 Server built: Jun 22 2022 09:58:15
[Tue Jun 13 00:39:38.790355 2023] [core:notice] [pid 21076:tid 400] AH00094: Command line: 'C:\\Apache24\\bin\\httpd.exe -d C:/Apache24'
[Tue Jun 13 00:39:38.794354 2023] [mpm_winnt:notice] [pid 21076:tid 400] AH00418: Parent: Created child process 22656
Apache server shutdown initiated...
pm_winnt:notice] [pid 22656:tid 404] AH00354: Child: Starting 64 worker threads.
[Tue Jun 13 00:39:41.429282 2023] [mpm_winnt:notice] [pid 21076:tid 400] AH00422: Parent: Received shutdown signal -- Shutting down the server.
[Tue Jun 13 00:39:43.443022 2023] [mpm_winnt:notice] [pid 22656:tid 404] AH00364: Child: All worker threads have exited.
[Tue Jun 13 00:39:43.463056 2023] [mpm_winnt:notice] [pid 21076:tid 400] AH00430: Parent: Child process 22656 exited successfully.
[Tue Jun 13 00:42:24.973597 2023] [mpm_winnt:notice] [pid 2468:tid 400] AH00455: Apache/2.4.54 (Win64) configured -- resuming normal operations
[Tue Jun 13 00:42:24.974556 2023] [mpm_winnt:notice] [pid 2468:tid 400] AH00456: Apache Lounge VS16 Server built: Jun 22 2022 09:58:15
[Tue Jun 13 00:42:24.974556 2023] [core:notice] [pid 2468:tid 400] AH00094: Command line: 'C:\\Apache24\\bin\\httpd.exe -d C:/Apache24'
[Tue Jun 13 00:42:24.978555 2023] [mpm_winnt:notice] [pid 2468:tid 400] AH00418: Parent: Created child process 13616
Apache server shutdown initiated...
pm_winnt:notice] [pid 13616:tid 456] AH00354: Child: Starting 64 worker threads.
[Tue Jun 13 00:42:41.544902 2023] [mpm_winnt:notice] [pid 2468:tid 400] AH00422: Parent: Received shutdown signal -- Shutting down the server.
[Tue Jun 13 00:43:09.123176 2023] [mpm_winnt:notice] [pid 13616:tid 456] AH00364: Child: All worker threads have exited.
[Tue Jun 13 00:46:42.875853 2023] [core:warn] [pid 8612:tid 400] AH00098: pid file C:/Apache24/logs/httpd.pid overwritten -- Unclean shutdown of previous Apache run?
[Tue Jun 13 00:46:42.880851 2023] [mpm_winnt:notice] [pid 8612:tid 400] AH00455: Apache/2.4.54 (Win64) configured -- resuming normal operations
[Tue Jun 13 00:46:42.880851 2023] [mpm_winnt:notice] [pid 8612:tid 400] AH00456: Apache Lounge VS16 Server built: Jun 22 2022 09:58:15
[Tue Jun 13 00:46:42.880851 2023] [core:notice] [pid 8612:tid 400] AH00094: Command line: 'C:\\Apache24\\bin\\httpd.exe -d C:/Apache24'
[Tue Jun 13 00:46:42.883850 2023] [mpm_winnt:notice] [pid 8612:tid 400] AH00418: Parent: Created child process 8916
Apache server shutdown initiated...
[Tue Jun 13 00:46:43.721584 2023] [mpm_winnt:notice] [pid 8612:tid 400] AH00422: Parent: Received shutdown signal -- Shutting down the server.
[Tue Jun 13 00:46:43.723583 2023] [mpm_winnt:notice] [pid 8916:tid 404] AH00354: Child: Starting 64 worker threads.
[Tue Jun 13 00:46:43.727580 2023] [mpm_winnt:error] [pid 8916:tid 1040] (OS 10038)An operation was attempted on something that is not a socket.  : AH00332: winnt_accept: getsockname error on listening socket, is IPv6 available?
[Tue Jun 13 00:46:43.727580 2023] [mpm_winnt:error] [pid 8916:tid 1044] (OS 10038)An operation was attempted on something that is not a socket.  : AH00332: winnt_accept: getsockname error on listening socket, is IPv6 available?
[Tue Jun 13 00:46:45.753595 2023] [mpm_winnt:notice] [pid 8916:tid 404] AH00364: Child: All worker threads have exited.
[Tue Jun 13 00:46:45.772589 2023] [mpm_winnt:notice] [pid 8612:tid 400] AH00430: Parent: Child process 8916 exited successfully.
[Tue Jun 13 13:34:30.616230 2023] [mpm_winnt:notice] [pid 1616:tid 400] AH00455: Apache/2.4.54 (Win64) configured -- resuming normal operations
[Tue Jun 13 13:34:30.617230 2023] [mpm_winnt:notice] [pid 1616:tid 400] AH00456: Apache Lounge VS16 Server built: Jun 22 2022 09:58:15
[Tue Jun 13 13:34:30.617230 2023] [core:notice] [pid 1616:tid 400] AH00094: Command line: 'C:\\Apache24\\bin\\httpd.exe -d C:/Apache24'
[Tue Jun 13 13:34:30.620229 2023] [mpm_winnt:notice] [pid 1616:tid 400] AH00418: Parent: Created child process 1352
Apache server shutdown initiated...
pm_winnt:notice] [pid 1352:tid 404] AH00354: Child: Starting 64 worker threads.
[Tue Jun 13 13:37:50.479642 2023] [mpm_winnt:notice] [pid 1616:tid 400] AH00422: Parent: Received shutdown signal -- Shutting down the server.
[Tue Jun 13 13:37:52.494322 2023] [mpm_winnt:notice] [pid 1352:tid 404] AH00364: Child: All worker threads have exited.
[Tue Jun 13 13:37:52.513391 2023] [mpm_winnt:notice] [pid 1616:tid 400] AH00430: Parent: Child process 1352 exited successfully.
[Tue Jun 13 14:18:34.408300 2023] [mpm_winnt:notice] [pid 8112:tid 428] AH00455: Apache/2.4.54 (Win64) PHP/8.2.7 configured -- resuming normal operations
[Tue Jun 13 14:18:34.408300 2023] [mpm_winnt:notice] [pid 8112:tid 428] AH00456: Apache Lounge VS16 Server built: Jun 22 2022 09:58:15
[Tue Jun 13 14:18:34.408300 2023] [core:notice] [pid 8112:tid 428] AH00094: Command line: 'C:\\diplom_server\\apache\\Apache24\\bin\\httpd.exe -d C:/diplom_server/apache/Apache24'
[Tue Jun 13 14:18:34.417297 2023] [mpm_winnt:notice] [pid 8112:tid 428] AH00418: Parent: Created child process 14332
Apache server shutdown initiated...
pm_winnt:notice] [pid 14332:tid 432] AH00354: Child: Starting 64 worker threads.
[Tue Jun 13 14:18:44.649618 2023] [mpm_winnt:notice] [pid 8112:tid 428] AH00422: Parent: Received shutdown signal -- Shutting down the server.
[Tue Jun 13 14:18:46.676584 2023] [mpm_winnt:notice] [pid 14332:tid 432] AH00364: Child: All worker threads have exited.
[Tue Jun 13 14:18:46.699583 2023] [mpm_winnt:notice] [pid 8112:tid 428] AH00430: Parent: Child process 14332 exited successfully.
[Tue Jun 13 14:18:57.331668 2023] [mpm_winnt:notice] [pid 13952:tid 404] AH00455: Apache/2.4.54 (Win64) PHP/8.2.7 configured -- resuming normal operations
[Tue Jun 13 14:18:57.332665 2023] [mpm_winnt:notice] [pid 13952:tid 404] AH00456: Apache Lounge VS16 Server built: Jun 22 2022 09:58:15
[Tue Jun 13 14:18:57.332665 2023] [core:notice] [pid 13952:tid 404] AH00094: Command line: 'C:\\diplom_server\\apache\\Apache24\\bin\\httpd.exe -d C:/diplom_server/apache/Apache24'
[Tue Jun 13 14:18:57.335667 2023] [mpm_winnt:notice] [pid 13952:tid 404] AH00418: Parent: Created child process 3264
Apache server shutdown initiated...
pm_winnt:notice] [pid 3264:tid 404] AH00354: Child: Starting 64 worker threads.
[Tue Jun 13 14:19:01.275407 2023] [authz_core:error] [pid 3264:tid 1160] [client ::1:50528] AH01630: client denied by server configuration: C:/diplom_server/Tests/Tests/Tests, referer: http://localhost/Tests/
[Tue Jun 13 14:19:01.370636 2023] [authz_core:error] [pid 3264:tid 1160] [client ::1:50528] AH01630: client denied by server configuration: C:/diplom_server/Tests/Tests/favicon.ico, referer: http://localhost/Tests/Result/
[Tue Jun 13 14:19:02.694482 2023] [authz_core:error] [pid 3264:tid 1160] [client ::1:50528] AH01630: client denied by server configuration: C:/diplom_server/Tests/Tests/favicon.ico, referer: http://localhost/Tests/
[Tue Jun 13 14:19:03.619307 2023] [authz_core:error] [pid 3264:tid 1160] [client ::1:50528] AH01630: client denied by server configuration: C:/diplom_server/Tests/Tests/Tests, referer: http://localhost/
[Tue Jun 13 14:19:03.695291 2023] [authz_core:error] [pid 3264:tid 1160] [client ::1:50528] AH01630: client denied by server configuration: C:/diplom_server/Tests/Tests/favicon.ico, referer: http://localhost/Tests/
[Tue Jun 13 14:19:04.862372 2023] [authz_core:error] [pid 3264:tid 1160] [client ::1:50528] AH01630: client denied by server configuration: C:/diplom_server/Tests/Tests/Tests, referer: http://localhost/
[Tue Jun 13 14:19:04.921352 2023] [authz_core:error] [pid 3264:tid 1160] [client ::1:50528] AH01630: client denied by server configuration: C:/diplom_server/Tests/Tests/favicon.ico, referer: http://localhost/Tests/
[Tue Jun 13 14:19:06.873358 2023] [authz_core:error] [pid 3264:tid 1160] [client ::1:50528] AH01630: client denied by server configuration: C:/diplom_server/Tests/Tests/favicon.ico, referer: http://localhost/
[Tue Jun 13 14:19:07.426372 2023] [authz_core:error] [pid 3264:tid 1160] [client ::1:50528] AH01630: client denied by server configuration: C:/diplom_server/Tests/Tests/favicon.ico, referer: http://localhost/Tests/
[Tue Jun 13 14:19:16.383670 2023] [authz_core:error] [pid 3264:tid 1156] [client ::1:50529] AH01630: client denied by server configuration: C:/diplom_server/Tests/Tests/
[Tue Jun 13 14:19:16.465642 2023] [authz_core:error] [pid 3264:tid 1156] [client ::1:50529] AH01630: client denied by server configuration: C:/diplom_server/Tests/Tests/favicon.ico, referer: http://localhost/
[Tue Jun 13 15:06:25.339111 2023] [authz_core:error] [pid 3264:tid 1160] [client ::1:50707] AH01630: client denied by server configuration: C:/diplom_server/Tests/Tests/
[Tue Jun 13 15:06:25.411485 2023] [authz_core:error] [pid 3264:tid 1160] [client ::1:50707] AH01630: client denied by server configuration: C:/diplom_server/Tests/Tests/favicon.ico, referer: http://localhost/
[Tue Jun 13 16:03:38.218881 2023] [authz_core:error] [pid 3264:tid 1156] [client ::1:50939] AH01630: client denied by server configuration: C:/diplom_server/Tests/Tests/
[Tue Jun 13 16:03:38.291808 2023] [authz_core:error] [pid 3264:tid 1156] [client ::1:50939] AH01630: client denied by server configuration: C:/diplom_server/Tests/Tests/favicon.ico, referer: http://localhost/
[Tue Jun 13 16:03:57.403713 2023] [authz_core:error] [pid 3264:tid 1160] [client ::1:50940] AH01630: client denied by server configuration: C:/diplom_server/Tests/Tests/
[Tue Jun 13 16:03:57.471694 2023] [authz_core:error] [pid 3264:tid 1160] [client ::1:50940] AH01630: client denied by server configuration: C:/diplom_server/Tests/Tests/favicon.ico, referer: http://localhost/
[Tue Jun 13 16:03:59.396126 2023] [mpm_winnt:notice] [pid 13952:tid 404] AH00422: Parent: Received shutdown signal -- Shutting down the server.
[Tue Jun 13 16:04:07.667044 2023] [authz_core:error] [pid 3264:tid 1156] [client ::1:50944] AH01630: client denied by server configuration: C:/diplom_server/Tests/Tests/
[Tue Jun 13 16:04:07.755017 2023] [mpm_winnt:notice] [pid 3264:tid 404] AH00364: Child: All worker threads have exited.
The 'Apache2.4' service is restarting.
Starting the 'Apache2.4' service
The 'Apache2.4' service is running.
ore:warn] [pid 8880:tid 380] AH00098: pid file C:/diplom_server/apache/Apache24/logs/httpd.pid overwritten -- Unclean shutdown of previous Apache run?
[Tue Jun 13 16:10:40.239901 2023] [mpm_winnt:notice] [pid 8880:tid 380] AH00455: Apache/2.4.54 (Win64) PHP/8.2.7 configured -- resuming normal operations
[Tue Jun 13 16:10:40.239901 2023] [mpm_winnt:notice] [pid 8880:tid 380] AH00456: Apache Lounge VS16 Server built: Jun 22 2022 09:58:15
[Tue Jun 13 16:10:40.239901 2023] [core:notice] [pid 8880:tid 380] AH00094: Command line: 'C:\\diplom_server\\apache\\Apache24\\bin\\httpd.exe -d C:/diplom_server/apache/Apache24'
[Tue Jun 13 16:10:40.242884 2023] [mpm_winnt:notice] [pid 8880:tid 380] AH00418: Parent: Created child process 1600
[Tue Jun 13 16:10:40.732694 2023] [mpm_winnt:notice] [pid 1600:tid 396] AH00354: Child: Starting 64 worker threads.
[Tue Jun 13 16:10:55.987253 2023] [mpm_winnt:notice] [pid 8880:tid 380] AH00422: Parent: Received shutdown signal -- Shutting down the server.
[Tue Jun 13 16:10:58.002968 2023] [mpm_winnt:notice] [pid 1600:tid 396] AH00364: Child: All worker threads have exited.
[Tue Jun 13 16:10:58.023291 2023] [mpm_winnt:notice] [pid 8880:tid 380] AH00430: Parent: Child process 1600 exited successfully.
[Tue Jun 13 16:11:02.270618 2023] [mpm_winnt:notice] [pid 11856:tid 400] AH00455: Apache/2.4.54 (Win64) PHP/8.2.7 configured -- resuming normal operations
[Tue Jun 13 16:11:02.270618 2023] [mpm_winnt:notice] [pid 11856:tid 400] AH00456: Apache Lounge VS16 Server built: Jun 22 2022 09:58:15
[Tue Jun 13 16:11:02.270618 2023] [core:notice] [pid 11856:tid 400] AH00094: Command line: 'C:\\diplom_server\\apache\\Apache24\\bin\\httpd.exe -d C:/diplom_server/apache/Apache24'
[Tue Jun 13 16:11:02.274617 2023] [mpm_winnt:notice] [pid 11856:tid 400] AH00418: Parent: Created child process 12656
Apache server shutdown initiated...
pm_winnt:notice] [pid 12656:tid 404] AH00354: Child: Starting 64 worker threads.
[Tue Jun 13 16:11:05.967506 2023] [authz_core:error] [pid 12656:tid 1160] [client ::1:51043] AH01630: client denied by server configuration: C:/diplom_server/Tests/Tests/
[Tue Jun 13 16:11:06.140450 2023] [authz_core:error] [pid 12656:tid 1160] [client ::1:51043] AH01630: client denied by server configuration: C:/diplom_server/Tests/Tests/favicon.ico, referer: http://localhost/
[Tue Jun 13 16:11:06.844667 2023] [authz_core:error] [pid 12656:tid 1160] [client ::1:51043] AH01630: client denied by server configuration: C:/diplom_server/Tests/Tests/
[Tue Jun 13 16:11:06.905647 2023] [authz_core:error] [pid 12656:tid 1160] [client ::1:51043] AH01630: client denied by server configuration: C:/diplom_server/Tests/Tests/favicon.ico, referer: http://localhost/
[Tue Jun 13 16:11:07.302601 2023] [authz_core:error] [pid 12656:tid 1160] [client ::1:51043] AH01630: client denied by server configuration: C:/diplom_server/Tests/Tests/
[Tue Jun 13 16:11:07.361095 2023] [authz_core:error] [pid 12656:tid 1160] [client ::1:51043] AH01630: client denied by server configuration: C:/diplom_server/Tests/Tests/favicon.ico, referer: http://localhost/
[Tue Jun 13 16:11:07.494151 2023] [authz_core:error] [pid 12656:tid 1160] [client ::1:51043] AH01630: client denied by server configuration: C:/diplom_server/Tests/Tests/
[Tue Jun 13 16:11:07.559084 2023] [authz_core:error] [pid 12656:tid 1160] [client ::1:51043] AH01630: client denied by server configuration: C:/diplom_server/Tests/Tests/favicon.ico, referer: http://localhost/
[Tue Jun 13 16:11:07.667572 2023] [authz_core:error] [pid 12656:tid 1160] [client ::1:51043] AH01630: client denied by server configuration: C:/diplom_server/Tests/Tests/
[Tue Jun 13 16:11:07.721651 2023] [authz_core:error] [pid 12656:tid 1160] [client ::1:51043] AH01630: client denied by server configuration: C:/diplom_server/Tests/Tests/favicon.ico, referer: http://localhost/
[Tue Jun 13 16:11:07.849978 2023] [authz_core:error] [pid 12656:tid 1160] [client ::1:51043] AH01630: client denied by server configuration: C:/diplom_server/Tests/Tests/
[Tue Jun 13 16:11:07.903962 2023] [authz_core:error] [pid 12656:tid 1160] [client ::1:51043] AH01630: client denied by server configuration: C:/diplom_server/Tests/Tests/favicon.ico, referer: http://localhost/
[Tue Jun 13 16:14:59.273866 2023] [mpm_winnt:notice] [pid 11856:tid 400] AH00422: Parent: Received shutdown signal -- Shutting down the server.
[Tue Jun 13 16:15:01.297812 2023] [mpm_winnt:notice] [pid 12656:tid 404] AH00364: Child: All worker threads have exited.
[Tue Jun 13 16:15:01.319800 2023] [mpm_winnt:notice] [pid 11856:tid 400] AH00430: Parent: Child process 12656 exited successfully.
[Tue Jun 13 16:29:36.200341 2023] [mpm_winnt:notice] [pid 2600:tid 400] AH00455: Apache/2.4.54 (Win64) PHP/8.2.7 configured -- resuming normal operations
[Tue Jun 13 16:29:36.200341 2023] [mpm_winnt:notice] [pid 2600:tid 400] AH00456: Apache Lounge VS16 Server built: Jun 22 2022 09:58:15
[Tue Jun 13 16:29:36.200341 2023] [core:notice] [pid 2600:tid 400] AH00094: Command line: 'C:\\diplom_server\\apache\\Apache24\\bin\\httpd.exe -d C:/diplom_server/apache/Apache24'
[Tue Jun 13 16:29:36.204338 2023] [mpm_winnt:notice] [pid 2600:tid 400] AH00418: Parent: Created child process 10668
Apache server shutdown initiated...
pm_winnt:notice] [pid 10668:tid 404] AH00354: Child: Starting 64 worker threads.
[Tue Jun 13 17:14:39.596902 2023] [php:error] [pid 10668:tid 1152] [client ::1:51650] script 'C:/diplom_server/Tests/Tests/Tests/save_test.php' not found or unable to stat
[Tue Jun 13 20:03:38.890640 2023] [mpm_winnt:notice] [pid 2600:tid 400] AH00422: Parent: Received shutdown signal -- Shutting down the server.
[Tue Jun 13 20:03:40.909396 2023] [mpm_winnt:notice] [pid 10668:tid 404] AH00364: Child: All worker threads have exited.
[Tue Jun 13 20:03:40.949416 2023] [mpm_winnt:notice] [pid 2600:tid 400] AH00430: Parent: Child process 10668 exited successfully.
[Tue Jun 13 20:03:42.785837 2023] [mpm_winnt:notice] [pid 21268:tid 400] AH00455: Apache/2.4.54 (Win64) PHP/8.2.7 configured -- resuming normal operations
[Tue Jun 13 20:03:42.785837 2023] [mpm_winnt:notice] [pid 21268:tid 400] AH00456: Apache Lounge VS16 Server built: Jun 22 2022 09:58:15
[Tue Jun 13 20:03:42.785837 2023] [core:notice] [pid 21268:tid 400] AH00094: Command line: 'C:\\diplom_server\\apache\\Apache24\\bin\\httpd.exe -d C:/diplom_server/apache/Apache24'
[Tue Jun 13 20:03:42.789837 2023] [mpm_winnt:notice] [pid 21268:tid 400] AH00418: Parent: Created child process 916
Apache server shutdown initiated...
pm_winnt:notice] [pid 916:tid 404] AH00354: Child: Starting 64 worker threads.
[Tue Jun 13 20:16:19.618997 2023] [mpm_winnt:notice] [pid 21268:tid 400] AH00422: Parent: Received shutdown signal -- Shutting down the server.
[Tue Jun 13 20:16:31.787160 2023] [mpm_winnt:notice] [pid 916:tid 404] AH00364: Child: All worker threads have exited.
[Tue Jun 13 20:16:40.098948 2023] [core:warn] [pid 3340:tid 400] AH00098: pid file C:/diplom_server/apache/Apache24/logs/httpd.pid overwritten -- Unclean shutdown of previous Apache run?
[Tue Jun 13 20:16:40.180921 2023] [mpm_winnt:notice] [pid 3340:tid 400] AH00455: Apache/2.4.54 (Win64) PHP/8.2.7 configured -- resuming normal operations
[Tue Jun 13 20:16:40.180921 2023] [mpm_winnt:notice] [pid 3340:tid 400] AH00456: Apache Lounge VS16 Server built: Jun 22 2022 09:58:15
[Tue Jun 13 20:16:40.180921 2023] [core:notice] [pid 3340:tid 400] AH00094: Command line: 'C:\\diplom_server\\apache\\Apache24\\bin\\httpd.exe -d C:/diplom_server/apache/Apache24'
[Tue Jun 13 20:16:40.185919 2023] [mpm_winnt:notice] [pid 3340:tid 400] AH00418: Parent: Created child process 25360
Apache server shutdown initiated...
pm_winnt:notice] [pid 25360:tid 404] AH00354: Child: Starting 64 worker threads.
[Tue Jun 13 21:07:23.783013 2023] [mpm_winnt:notice] [pid 3340:tid 400] AH00422: Parent: Received shutdown signal -- Shutting down the server.
[Tue Jun 13 21:07:25.794707 2023] [mpm_winnt:notice] [pid 25360:tid 404] AH00364: Child: All worker threads have exited.
[Tue Jun 13 21:07:25.833658 2023] [mpm_winnt:notice] [pid 3340:tid 400] AH00430: Parent: Child process 25360 exited successfully.
[Tue Jun 13 21:07:28.101454 2023] [mpm_winnt:notice] [pid 25984:tid 400] AH00455: Apache/2.4.54 (Win64) PHP/8.2.7 configured -- resuming normal operations
[Tue Jun 13 21:07:28.101454 2023] [mpm_winnt:notice] [pid 25984:tid 400] AH00456: Apache Lounge VS16 Server built: Jun 22 2022 09:58:15
[Tue Jun 13 21:07:28.101454 2023] [core:notice] [pid 25984:tid 400] AH00094: Command line: 'C:\\diplom_server\\apache\\Apache24\\bin\\httpd.exe -d C:/diplom_server/apache/Apache24'
[Tue Jun 13 21:07:28.106453 2023] [mpm_winnt:notice] [pid 25984:tid 400] AH00418: Parent: Created child process 21576
Apache server shutdown initiated...
pm_winnt:notice] [pid 21576:tid 404] AH00354: Child: Starting 64 worker threads.
[Tue Jun 13 21:46:57.158730 2023] [mpm_winnt:notice] [pid 25984:tid 400] AH00422: Parent: Received shutdown signal -- Shutting down the server.
[Tue Jun 13 21:46:59.180130 2023] [mpm_winnt:notice] [pid 21576:tid 404] AH00364: Child: All worker threads have exited.
[Tue Jun 13 21:46:59.204122 2023] [mpm_winnt:notice] [pid 25984:tid 400] AH00430: Parent: Child process 21576 exited successfully.
[Tue Jun 13 21:47:02.232004 2023] [mpm_winnt:notice] [pid 22340:tid 440] AH00455: Apache/2.4.54 (Win64) PHP/8.2.7 configured -- resuming normal operations
[Tue Jun 13 21:47:02.232004 2023] [mpm_winnt:notice] [pid 22340:tid 440] AH00456: Apache Lounge VS16 Server built: Jun 22 2022 09:58:15
[Tue Jun 13 21:47:02.232004 2023] [core:notice] [pid 22340:tid 440] AH00094: Command line: 'C:\\diplom_server\\apache\\Apache24\\bin\\httpd.exe -d C:/diplom_server/apache/Apache24'
[Tue Jun 13 21:47:02.237004 2023] [mpm_winnt:notice] [pid 22340:tid 440] AH00418: Parent: Created child process 14424
Apache server shutdown initiated...
pm_winnt:notice] [pid 14424:tid 412] AH00354: Child: Starting 64 worker threads.
[Tue Jun 13 23:32:04.203823 2023] [mpm_winnt:notice] [pid 22340:tid 440] AH00422: Parent: Received shutdown signal -- Shutting down the server.
[Tue Jun 13 23:32:08.873860 2023] [mpm_winnt:notice] [pid 14424:tid 412] AH00364: Child: All worker threads have exited.
[Tue Jun 13 23:32:08.933836 2023] [mpm_winnt:notice] [pid 22340:tid 440] AH00430: Parent: Child process 14424 exited successfully.
[Tue Jun 13 23:43:38.470181 2023] [mpm_winnt:notice] [pid 2688:tid 400] AH00455: Apache/2.4.54 (Win64) PHP/8.2.7 configured -- resuming normal operations
[Tue Jun 13 23:43:38.471181 2023] [mpm_winnt:notice] [pid 2688:tid 400] AH00456: Apache Lounge VS16 Server built: Jun 22 2022 09:58:15
[Tue Jun 13 23:43:38.471181 2023] [core:notice] [pid 2688:tid 400] AH00094: Command line: 'C:\\diplom_server\\apache\\Apache24\\bin\\httpd.exe -d C:/diplom_server/apache/Apache24'
[Tue Jun 13 23:43:38.475179 2023] [mpm_winnt:notice] [pid 2688:tid 400] AH00418: Parent: Created child process 24812
Apache server shutdown initiated...
pm_winnt:notice] [pid 24812:tid 404] AH00354: Child: Starting 64 worker threads.
[Wed Jun 14 02:00:28.614199 2023] [mpm_winnt:notice] [pid 2688:tid 400] AH00422: Parent: Received shutdown signal -- Shutting down the server.
[Wed Jun 14 02:00:30.620648 2023] [mpm_winnt:notice] [pid 24812:tid 404] AH00364: Child: All worker threads have exited.
[Wed Jun 14 02:00:30.663635 2023] [mpm_winnt:notice] [pid 2688:tid 400] AH00430: Parent: Child process 24812 exited successfully.
[Wed Jun 14 02:21:25.922984 2023] [mpm_winnt:notice] [pid 4136:tid 424] AH00455: Apache/2.4.54 (Win64) PHP/8.2.7 configured -- resuming normal operations
[Wed Jun 14 02:21:25.922984 2023] [mpm_winnt:notice] [pid 4136:tid 424] AH00456: Apache Lounge VS16 Server built: Jun 22 2022 09:58:15
[Wed Jun 14 02:21:25.922984 2023] [core:notice] [pid 4136:tid 424] AH00094: Command line: 'C:\\diplom_server\\apache\\Apache24\\bin\\httpd.exe -d C:/diplom_server/apache/Apache24'
[Wed Jun 14 02:21:25.922984 2023] [mpm_winnt:notice] [pid 4136:tid 424] AH00418: Parent: Created child process 5616
[Wed Jun 14 02:21:26.474138 2023] [mpm_winnt:notice] [pid 5616:tid 396] AH00354: Child: Starting 64 worker threads.
[Wed Jun 14 16:01:06.884909 2023] [core:warn] [pid 3300:tid 424] AH00098: pid file C:/diplom_server/apache/Apache24/logs/httpd.pid overwritten -- Unclean shutdown of previous Apache run?
[Wed Jun 14 16:01:07.041143 2023] [mpm_winnt:notice] [pid 3300:tid 424] AH00455: Apache/2.4.54 (Win64) PHP/8.2.7 configured -- resuming normal operations
[Wed Jun 14 16:01:07.041143 2023] [mpm_winnt:notice] [pid 3300:tid 424] AH00456: Apache Lounge VS16 Server built: Jun 22 2022 09:58:15
[Wed Jun 14 16:01:07.041143 2023] [core:notice] [pid 3300:tid 424] AH00094: Command line: 'C:\\diplom_server\\apache\\Apache24\\bin\\httpd.exe -d C:/diplom_server/apache/Apache24'
[Wed Jun 14 16:01:07.041143 2023] [mpm_winnt:notice] [pid 3300:tid 424] AH00418: Parent: Created child process 6032
[Wed Jun 14 16:01:07.596853 2023] [mpm_winnt:notice] [pid 6032:tid 404] AH00354: Child: Starting 64 worker threads.
